#
# A fatal error has been detected by the Java Runtime Environment:
#
#  Internal Error (jvmciRuntime.cpp:1609), pid=22, tid=47
#  fatal error: Fatal exception in JVMCI: Error calling jdk.vm.ci.services.Services.serializeSavedProperties
#
# JRE version: OpenJDK Runtime Environment GraalVM CE 22.3.0 (17.0.5+8) (build 17.0.5+8-jvmci-22.3-b08)
# Java VM: OpenJDK 64-Bit Server VM GraalVM CE 22.3.0 (17.0.5+8-jvmci-22.3-b08, mixed mode, sharing, tiered, jvmci, jvmci compiler, compressed oops, compressed class ptrs, parallel gc, linux-amd64)
# Problematic frame:
# V  [libjvm.so+0x972714]  JVMCIRuntime::fatal_exception(JVMCIEnv*, char const*)+0x74
#
# Core dump will be written. Default location: Core dumps may be processed with "/usr/share/apport/apport -p%p -s%s -c%c -d%d -P%P -u%u -g%g -- %E" (or dumping to /home/runner/data-analytics-iHotaru/core.22)
#
# If you would like to submit a bug report, please visit:
#   https://github.com/oracle/graal/issues
#

---------------  S U M M A R Y ------------

Command Line: -XX:ThreadPriorityPolicy=1 -XX:+UnlockExperimentalVMOptions -XX:+EnableJVMCIProduct -XX:JVMCIThreadsPerNativeLibraryRuntime=1 -XX:-UnlockExperimentalVMOptions -Declipse.application=org.eclipse.jdt.ls.core.id1 -Dosgi.bundles.defaultStartLevel=4 -Declipse.product=org.eclipse.jdt.ls.core.product -Dlog.level=ALL -Xverify:none -XX:+UseParallelGC -XX:GCTimeRatio=4 -XX:AdaptiveSizePolicyWeight=90 -Dsun.zip.disableMemoryMapping=true -Xmx512m -Xms100m /nix/store/m6gcpi1ii6rghy04cjwjddcavv7i90df-jdt-language-server-1.9.0/share/java/plugins/org.eclipse.equinox.launcher_1.6.400.v20210924-0641.jar --add-modules=ALL-SYSTEM --add-opens java.base/java.util=ALL-UNNAMED --add-opens java.base/java.lang=ALL-UNNAMED -configuration /home/runner/.cache/jdt-language-server/config -data /home/runner/.cache/jdt-language-server/data/home/runner/data-analytics-iHotaru

Host: AMD EPYC 7B12, 8 cores, 1G, Ubuntu 20.04.2 LTS
Time: Wed Jun 28 22:55:25 2023 UTC elapsed time: 1960.242389 seconds (0d 0h 32m 40s)

---------------  T H R E A D  ---------------

Current thread (0x00007f17280b2210):  JavaThread "JVMCI-native CompilerThread0" daemon [_thread_in_vm, id=47, stack(0x00007f170e048000,0x00007f170e248000)]


Current CompileTask:
JVMCI-native:1960242 10188       4       com.google.gson.stream.JsonReader::nextString (197 bytes)

Stack: [0x00007f170e048000,0x00007f170e248000],  sp=0x00007f170e246380,  free space=2040k
Native frames: (J=compiled Java code, j=interpreted, Vv=VM code, C=native code)
V  [libjvm.so+0x972714]  JVMCIRuntime::fatal_exception(JVMCIEnv*, char const*)+0x74
V  [libjvm.so+0x93e2fe]  JVMCIEnv::copy_saved_properties()+0x14e
V  [libjvm.so+0x9732a9]  JVMCIRuntime::initialize(JVMCIEnv*)+0xb19
V  [libjvm.so+0x9738a2]  JVMCIRuntime::get_HotSpotJVMCIRuntime(JVMCIEnv*)+0x12
V  [libjvm.so+0x9749f2]  JVMCIRuntime::compile_method(JVMCIEnv*, JVMCICompiler*, methodHandle const&, int)+0xd2
V  [libjvm.so+0x5b0d20]  CompileBroker::invoke_compiler_on_method(CompileTask*)+0x1470
V  [libjvm.so+0x5b12e8]  CompileBroker::compiler_thread_loop()+0x528
V  [libjvm.so+0xd82460]  JavaThread::thread_main_inner()+0xd0
V  [libjvm.so+0xd85a40]  Thread::call_run()+0xc0
V  [libjvm.so+0xbdb1e1]  thread_native_entry(Thread*)+0xe1

Register to memory mapping:

RAX=0x00007f172dd38000 points into unknown readable memory: 0x0000000000000058 | 58 00 00 00 00 00 00 00
RBX=0x00007f172ee33398: <offset 0x0000000000ef5398> in /nix/store/gpxl5qgg8kicmcvivwmybwjlpf7wh20l-graalvm17-ce-22.3.0/lib/server/libjvm.so at 0x00007f172df3e000
RCX=0x00007f172edeb1e8: <offset 0x0000000000ead1e8> in /nix/store/gpxl5qgg8kicmcvivwmybwjlpf7wh20l-graalvm17-ce-22.3.0/lib/server/libjvm.so at 0x00007f172df3e000
RDX=0x0000000000000649 is an unknown value
RSP=0x00007f170e246380 is pointing into the stack for thread: 0x00007f17280b2210
RBP=0x00007f170e2463a0 is pointing into the stack for thread: 0x00007f17280b2210
RSI=0x00007f172ee33c48: <offset 0x0000000000ef5c48> in /nix/store/gpxl5qgg8kicmcvivwmybwjlpf7wh20l-graalvm17-ce-22.3.0/lib/server/libjvm.so at 0x00007f172df3e000
RDI=0x00000000e0000000 is an oop: java.security.AccessControlContext 
{0x00000000e0000000} - klass: 'java/security/AccessControlContext'
 - ---- fields (total size 5 words):
 - private 'isPrivileged' 'Z' @12  true
 - private 'isAuthorized' 'Z' @13  true
 - private 'isWrapped' 'Z' @14  false
 - private 'isLimited' 'Z' @15  false
 - private 'context' '[Ljava/security/ProtectionDomain;' @16  a 'java/security/ProtectionDomain'[1] {0x00000000e0000028} (e0000028)
 - private 'privilegedContext' 'Ljava/security/AccessControlContext;' @20  NULL (0)
 - private 'combiner' 'Ljava/security/DomainCombiner;' @24  NULL (0)
 - private 'permissions' '[Ljava/security/Permission;' @28  NULL (0)
 - private 'parent' 'Ljava/security/AccessControlContext;' @32  NULL (0)
 - private 'limitedContext' '[Ljava/security/ProtectionDomain;' @36  NULL (0)
R8 =0x00007f172ee33398: <offset 0x0000000000ef5398> in /nix/store/gpxl5qgg8kicmcvivwmybwjlpf7wh20l-graalvm17-ce-22.3.0/lib/server/libjvm.so at 0x00007f172df3e000
R9 =0x00007f170e246330 is pointing into the stack for thread: 0x00007f17280b2210
R10=0x00007f170e247948 is pointing into the stack for thread: 0x00007f17280b2210
R11=0x0000000000000293 is an unknown value
R12=0x0 is NULL
R13=0x00007f17280b2210 is a thread
R14=0x00007f1728000b80 points into unknown readable memory: 0x00007f172f064a38 | 38 4a 06 2f 17 7f 00 00
R15=0x00007f172f172e40: <offset 0x0000000001234e40> in /nix/store/gpxl5qgg8kicmcvivwmybwjlpf7wh20l-graalvm17-ce-22.3.0/lib/server/libjvm.so at 0x00007f172df3e000


Registers:
RAX=0x00007f172dd38000, RBX=0x00007f172ee33398, RCX=0x00007f172edeb1e8, RDX=0x0000000000000649
RSP=0x00007f170e246380, RBP=0x00007f170e2463a0, RSI=0x00007f172ee33c48, RDI=0x00000000e0000000
R8 =0x00007f172ee33398, R9 =0x00007f170e246330, R10=0x00007f170e247948, R11=0x0000000000000293
R12=0x0000000000000000, R13=0x00007f17280b2210, R14=0x00007f1728000b80, R15=0x00007f172f172e40
RIP=0x00007f172e8b0714, EFLAGS=0x0000000000010206, CSGSFS=0x002b000000000033, ERR=0x0000000000000006
  TRAPNO=0x000000000000000e

Top of Stack: (sp=0x00007f170e246380)
0x00007f170e246380:   00007f170e246940 00007f17280b2210
0x00007f170e246390:   00007f172c6c98c8 0000000800c417a0
0x00007f170e2463a0:   00007f170e246500 00007f172e87c2fe
0x00007f170e2463b0:   00007f170e2463e0 00007f170e246440 

Instructions: (pc=0x00007f172e8b0714)
0x00007f172e8b0614:   30 e8 f6 cf e8 ff 4c 89 e7 e8 2e 48 d1 ff 84 db
0x00007f172e8b0624:   75 2a 4d 85 ed 74 04 4d 8b 6d 00 48 83 c4 08 44
0x00007f172e8b0634:   89 f9 4c 89 f2 4c 89 ee 5b 4c 89 e7 41 5c 41 5d
0x00007f172e8b0644:   41 5e 41 5f 5d e9 e2 47 d1 ff 66 90 48 83 c4 08
0x00007f172e8b0654:   5b 41 5c 41 5d 41 5e 41 5f 5d c3 90 31 d2 be 08
0x00007f172e8b0664:   00 00 00 4c 89 ff e8 b1 78 a3 ff 49 89 c5 e9 37
0x00007f172e8b0674:   ff ff ff 66 0f 1f 84 00 00 00 00 00 48 8b 7a 08
0x00007f172e8b0684:   e9 6d ff ff ff 0f 1f 80 00 00 00 00 e8 5b 48 0a
0x00007f172e8b0694:   00 84 c0 75 89 e9 6a ff ff ff 66 90 55 48 89 e5
0x00007f172e8b06a4:   41 56 41 55 41 54 49 89 fc 53 48 89 f3 66 48 8d
0x00007f172e8b06b4:   3d 27 5e 85 00 66 66 48 e8 df 43 8d ff 4c 8b 28
0x00007f172e8b06c4:   8b 05 be 72 8a 00 85 c0 75 14 ba 01 00 00 00 48
0x00007f172e8b06d4:   8d 0d ae 72 8a 00 f0 0f b1 11 85 c0 74 4e be c8
0x00007f172e8b06e4:   00 00 00 4c 89 ef e8 01 0b 41 00 48 8d 05 12 ac
0x00007f172e8b06f4:   85 00 49 89 d8 48 8d 0d e8 aa 53 00 ba 49 06 00
0x00007f172e8b0704:   00 48 8d 35 3c 35 58 00 bf 00 00 00 e0 48 8b 00
0x00007f172e8b0714:   c6 00 58 31 c0 e8 e2 91 c6 ff 5b 41 5c 41 5d 41
0x00007f172e8b0724:   5e 5d e9 55 34 26 00 0f 1f 44 00 00 48 8d 05 81
0x00007f172e8b0734:   a3 8b 00 48 89 df 4c 8b 30 e8 9e 43 8d ff 48 89
0x00007f172e8b0744:   de 48 89 c2 49 8b 06 4c 89 f7 ff 50 08 4c 89 f7
0x00007f172e8b0754:   e8 a7 5c 27 00 4d 85 e4 74 12 be 01 00 00 00 4c
0x00007f172e8b0764:   89 e7 e8 35 43 fc ff eb 82 0f 1f 00 be 01 00 00
0x00007f172e8b0774:   00 4c 89 ef e8 d3 fd ff ff e9 6d ff ff ff 66 66
0x00007f172e8b0784:   2e 0f 1f 84 00 00 00 00 00 0f 1f 00 55 48 89 e5
0x00007f172e8b0794:   41 57 41 56 41 55 41 54 53 48 81 ec 08 02 00 00
0x00007f172e8b07a4:   64 48 8b 04 25 28 00 00 00 48 89 45 c8 8b 07 83
0x00007f172e8b07b4:   f8 02 0f 84 11 04 00 00 4c 8b 6f 18 49 89 ff 49
0x00007f172e8b07c4:   89 f4 4d 85 ed 74 14 4c 89 ef e8 5d 57 22 00 41
0x00007f172e8b07d4:   8b 07 83 f8 02 0f 84 19 04 00 00 48 8d 1d 9a 06
0x00007f172e8b07e4:   8a 00 4c 8d 35 0b 3c 58 00 eb 38 90 48 85 d2 7f
0x00007f172e8b07f4:   0d 48 8d 05 b4 c0 85 00 48 83 38 00 7e 0e 41 8b
0x00007f172e8b0804:   77 2c 4c 89 f7 31 c0 e8 a0 b2 f7 ff 49 8b 7f 18 


Stack slot to memory mapping:
stack at sp + 0 slots: 0x00007f170e246940 is pointing into the stack for thread: 0x00007f17280b2210
stack at sp + 1 slots: 0x00007f17280b2210 is a thread
stack at sp + 2 slots: 0x00007f172c6c98c8 points into unknown readable memory: 0x6573001880c9ffff | ff ff c9 80 18 00 73 65
stack at sp + 3 slots: 0x0000000800c417a0 is a pointer to class: 
jdk.vm.ci.services.Services {0x0000000800c417a0}
 - instance size:     2
 - klass size:        65
 - access:            public final synchronized 
 - state:             fully_initialized
 - name:              'jdk/vm/ci/services/Services'
 - super:             'java/lang/Object'
 - sub:               
 - arrays:            NULL
 - methods:           Array<T>(0x00007f170ec43760)
 - method ordering:   Array<T>(0x0000000800928960)
 - default_methods:   Array<T>(0x0000000000000000)
 - local interfaces:  Array<T>(0x00000008005ce810)
 - trans. interfaces: Array<T>(0x00000008005ce810)
 - constants:         constant pool [427] {0x00007f170ec42840} for 'jdk/vm/ci/services/Services' cache=0x00007f170ec44a30
 - class loader data:  loader data: 0x00007f17280283f0 of 'bootstrap'
 - source file:       'Services.java'
 - class annotations:       Array<T>(0x0000000000000000)
 - class type annotations:  Array<T>(0x0000000000000000)
 - field annotations:       Array<T>(0x0000000000000000)
 - field type annotations:  Array<T>(0x0000000000000000)
 - inner classes:     Array<T>(0x00007f170ec44a00)
 - nest members:     Array<T>(0x00007f170ec44a20)
 - permitted subclasses:     Array<T>(0x00000008005ce7a0)
 - java mirror:       a 'java/lang/Class'{0x00000000e017e208} = 'jdk/vm/ci/services/Services'
 - vtable length      5  (start addr: 0x0000000800c41970)
 - itable length      2 (start addr: 0x0000000800c41998)
 - ---- static fields (3 words):
 - public static final 'IS_BUILDING_NATIVE_IMAGE' 'Z' @128 
 - public static final 'IS_IN_NATIVE_IMAGE' 'Z' @129 
 - private static volatile 'savedProperties' 'Ljava/util/Map;' @112 
 - static final 'JVMCI_ENABLED' 'Z' @130 
 - private static final 'servicesCache' 'Ljava/util/Map;' @116 
 - private static final 'MAX_UNICODE_IN_UTF8_LENGTH' 'I' @120 
 - private static final 'MAX_UTF8_PROPERTY_STRING_LENGTH' 'I' @124 
 - ---- non-static fields (0 words):
 - non-static oop maps: 
stack at sp + 4 slots: 0x00007f170e246500 is pointing into the stack for thread: 0x00007f17280b2210
stack at sp + 5 slots: 0x00007f172e87c2fe: <offset 0x000000000093e2fe> in /nix/store/gpxl5qgg8kicmcvivwmybwjlpf7wh20l-graalvm17-ce-22.3.0/lib/server/libjvm.so at 0x00007f172df3e000
stack at sp + 6 slots: 0x00007f170e2463e0 is pointing into the stack for thread: 0x00007f17280b2210
stack at sp + 7 slots: 0x00007f170e246440 is pointing into the stack for thread: 0x00007f17280b2210


---------------  P R O C E S S  ---------------

Threads class SMR info:
_java_thread_list=0x00007f16b815a800, length=24, elements={
0x00007f1728026690, 0x00007f17280a64d0, 0x00007f17280a7910, 0x00007f17280ae080,
0x00007f17280af430, 0x00007f17280b0820, 0x00007f17280b2210, 0x00007f17280b3720,
0x00007f17280b4780, 0x00007f17280dfe70, 0x00007f17281275d0, 0x00007f172820c290,
0x00007f1728335380, 0x00007f1728337f90, 0x00007f1728377460, 0x00007f16bc0171d0,
0x00007f16bc2babd0, 0x00007f16bc494b20, 0x00007f16bc5ff5a0, 0x00007f17284be720,
0x00007f172836c860, 0x00007f167c015ba0, 0x00007f16a00d98c0, 0x00007f16b815d8d0
}

Java Threads: ( => current thread )
  0x00007f1728026690 JavaThread "main" [_thread_blocked, id=37, stack(0x00007f172dd59000,0x00007f172de59000)]
  0x00007f17280a64d0 JavaThread "Reference Handler" daemon [_thread_blocked, id=42, stack(0x00007f170e92e000,0x00007f170ea2e000)]
  0x00007f17280a7910 JavaThread "Finalizer" daemon [_thread_blocked, id=43, stack(0x00007f170e82e000,0x00007f170e92e000)]
  0x00007f17280ae080 JavaThread "Signal Dispatcher" daemon [_thread_blocked, id=44, stack(0x00007f170e448000,0x00007f170e548000)]
  0x00007f17280af430 JavaThread "Service Thread" daemon [_thread_blocked, id=45, stack(0x00007f170e348000,0x00007f170e448000)]
  0x00007f17280b0820 JavaThread "Monitor Deflation Thread" daemon [_thread_blocked, id=46, stack(0x00007f170e248000,0x00007f170e348000)]
=>0x00007f17280b2210 JavaThread "JVMCI-native CompilerThread0" daemon [_thread_in_vm, id=47, stack(0x00007f170e048000,0x00007f170e248000)]
  0x00007f17280b3720 JavaThread "C1 CompilerThread0" daemon [_thread_blocked, id=48, stack(0x00007f170de48000,0x00007f170e048000)]
  0x00007f17280b4780 JavaThread "Sweeper thread" daemon [_thread_blocked, id=49, stack(0x00007f170dd48000,0x00007f170de48000)]
  0x00007f17280dfe70 JavaThread "Common-Cleaner" daemon [_thread_blocked, id=50, stack(0x00007f170dc48000,0x00007f170dd48000)]
  0x00007f17281275d0 JavaThread "Notification Thread" daemon [_thread_blocked, id=51, stack(0x00007f170db48000,0x00007f170dc48000)]
  0x00007f172820c290 JavaThread "Active Thread: Equinox Container: d3be2dd7-ec53-4e45-9044-2d343e07a22b" [_thread_blocked, id=71, stack(0x00007f170c800000,0x00007f170c900000)]
  0x00007f1728335380 JavaThread "Framework Event Dispatcher: Equinox Container: d3be2dd7-ec53-4e45-9044-2d343e07a22b" daemon [_thread_blocked, id=72, stack(0x00007f170c600000,0x00007f170c700000)]
  0x00007f1728337f90 JavaThread "Start Level: Equinox Container: d3be2dd7-ec53-4e45-9044-2d343e07a22b" daemon [_thread_blocked, id=73, stack(0x00007f170c400000,0x00007f170c500000)]
  0x00007f1728377460 JavaThread "Refresh Thread: Equinox Container: d3be2dd7-ec53-4e45-9044-2d343e07a22b" daemon [_thread_blocked, id=82, stack(0x00007f170c200000,0x00007f170c300000)]
  0x00007f16bc0171d0 JavaThread "SCR Component Actor" daemon [_thread_blocked, id=83, stack(0x00007f170c000000,0x00007f170c100000)]
  0x00007f16bc2babd0 JavaThread "Worker-JM" [_thread_blocked, id=101, stack(0x00007f16d5900000,0x00007f16d5a00000)]
  0x00007f16bc494b20 JavaThread "Java indexing" daemon [_thread_blocked, id=104, stack(0x00007f16d5300000,0x00007f16d5400000)]
  0x00007f16bc5ff5a0 JavaThread "Bundle File Closer" daemon [_thread_blocked, id=107, stack(0x00007f16d5100000,0x00007f16d5200000)]
  0x00007f17284be720 JavaThread "pool-3-thread-1" [_thread_blocked, id=117, stack(0x00007f16d4d00000,0x00007f16d4e00000)]
  0x00007f172836c860 JavaThread "pool-2-thread-1" [_thread_blocked, id=126, stack(0x00007f16d5b00000,0x00007f16d5c00000)]
  0x00007f167c015ba0 JavaThread "Worker-6" [_thread_blocked, id=1419, stack(0x00007f16d4f00000,0x00007f16d5000000)]
  0x00007f16a00d98c0 JavaThread "Worker-8: Validate documents" [_thread_blocked, id=4794, stack(0x00007f16d5500000,0x00007f16d5600000)]
  0x00007f16b815d8d0 JavaThread "Worker-9" [_thread_blocked, id=7590, stack(0x00007f16d4500000,0x00007f16d4600000)]

Other Threads:
  0x00007f17280a1c10 VMThread "VM Thread" [stack: 0x00007f170ea30000,0x00007f170eb30000] [id=40] _threads_hazard_ptr=0x00007f16b815a800
  0x00007f1728128f70 WatcherThread [stack: 0x00007f170da48000,0x00007f170db48000] [id=52]
  0x00007f172803df30 GCTaskThread "GC Thread#0" [stack: 0x00007f172d91c000,0x00007f172da1c000] [id=38]

Threads with active compile tasks:
JVMCI-native CompilerThread0  1960353 10188       4       com.google.gson.stream.JsonReader::nextString (197 bytes)

VM state: synchronizing (normal execution)

VM Mutex/Monitor currently owned by a thread:  ([mutex/lock_event])
[0x00007f1728023840] Threads_lock - owner thread: 0x00007f17280a1c10
[0x00007f1728023ff0] Heap_lock - owner thread: 0x00007f172836c860

OutOfMemory and StackOverflow Exception counts:
OutOfMemoryError java_heap_errors=11
LinkageErrors=71

Heap address: 0x00000000e0000000, size: 512 MB, Compressed Oops mode: 32-bit

CDS archive(s) mapped at: [0x0000000800000000-0x0000000800bc8000-0x0000000800bc8000), size 12353536, SharedBaseAddress: 0x0000000800000000, ArchiveRelocationMode: 0.
Compressed class space mapped at: 0x0000000800c00000-0x0000000840c00000, reserved size: 1073741824
Narrow klass base: 0x0000000800000000, Narrow klass shift: 0, Narrow klass range: 0x100000000

GC Precious Log:
 CPUs: 8 total, 1 available
 Memory: 1024M
 Large Page Support: Disabled
 NUMA Support: Disabled
 Compressed Oops: Enabled (32-bit)
 Alignments: Space 512K, Generation 512K, Heap 2M
 Heap Min Capacity: 100M
 Heap Initial Capacity: 100M
 Heap Max Capacity: 512M
 Pre-touch: Disabled
 Parallel Workers: 1

Heap:
 PSYoungGen      total 46592K, used 25087K [0x00000000f5580000, 0x00000000f9a00000, 0x0000000100000000)
  eden space 25088K, 99% used [0x00000000f5580000,0x00000000f6dffff8,0x00000000f6e00000)
  from space 21504K, 0% used [0x00000000f8300000,0x00000000f8300000,0x00000000f9800000)
  to   space 21504K, 0% used [0x00000000f6e00000,0x00000000f6e00000,0x00000000f8300000)
 ParOldGen       total 349696K, used 349695K [0x00000000e0000000, 0x00000000f5580000, 0x00000000f5580000)
  object space 349696K, 99% used [0x00000000e0000000,0x00000000f557ffe8,0x00000000f5580000)
 Metaspace       used 62273K, committed 63360K, reserved 1105920K
  class space    used 6133K, committed 6592K, reserved 1048576K

Card table byte_map: [0x00007f172da1c000,0x00007f172db1d000] _byte_map_base: 0x00007f172d31c000

Marking Bits: (ParMarkBitMap*) 0x00007f172f16c4c0
 Begin Bits: [0x00007f172c86f000, 0x00007f172d06f000)
 End Bits:   [0x00007f172d06f000, 0x00007f172d86f000)

Polling page: 0x00007f172dd36000

Metaspace:

Usage:
  Non-class:     54.82 MB used.
      Class:      5.99 MB used.
       Both:     60.81 MB used.

Virtual space:
  Non-class space:       56.00 MB reserved,      55.44 MB ( 99%) committed,  7 nodes.
      Class space:        1.00 GB reserved,       6.44 MB ( <1%) committed,  1 nodes.
             Both:        1.05 GB reserved,      61.88 MB (  6%) committed. 

Chunk freelists:
   Non-Class:  620.00 KB
       Class:  1.48 MB
        Both:  2.09 MB

MaxMetaspaceSize: unlimited
CompressedClassSpaceSize: 1.00 GB
Initial GC threshold: 21.00 MB
Current GC threshold: 103.12 MB
CDS: on
MetaspaceReclaimPolicy: balanced
 - commit_granule_bytes: 65536.
 - commit_granule_words: 8192.
 - virtual_space_node_default_size: 1048576.
 - enlarge_chunks_in_place: 1.
 - new_chunks_are_fully_committed: 0.
 - uncommit_free_chunks: 1.
 - use_allocation_guard: 0.
 - handle_deallocations: 1.


Internal statistics:

num_allocs_failed_limit: 6.
num_arena_births: 578.
num_arena_deaths: 218.
num_vsnodes_births: 8.
num_vsnodes_deaths: 0.
num_space_committed: 989.
num_space_uncommitted: 0.
num_chunks_returned_to_freelist: 313.
num_chunks_taken_from_freelist: 3056.
num_chunk_merges: 114.
num_chunk_splits: 1940.
num_chunks_enlarged: 1205.
num_purges: 14.
num_inconsistent_stats: 0.

CodeHeap 'non-profiled nmethods': size=120036Kb used=2848Kb max_used=2848Kb free=117187Kb
 bounds [0x00007f1716f7a000, 0x00007f171724a000, 0x00007f171e4b3000]
CodeHeap 'profiled nmethods': size=120032Kb used=18775Kb max_used=18775Kb free=101256Kb
 bounds [0x00007f170fa42000, 0x00007f1710ca2000, 0x00007f1716f7a000]
CodeHeap 'non-nmethods': size=5692Kb used=1410Kb max_used=1428Kb free=4281Kb
 bounds [0x00007f170f4b3000, 0x00007f170f723000, 0x00007f170fa42000]
 total_blobs=8972 nmethods=8224 adapters=632
 compilation: enabled
              stopped_count=0, restarted_count=0
 full_count=0

JVMCI Events (20 events):
Event: 1514.107 Thread 0x00007f17280b2210 destroyed JavaVM[12]@0x00007f16d3b9e340 for JVMCI runtime 0
Event: 1514.107 Thread 0x00007f17280b2210 compacted oop handles in JVMCI runtime 0 from 83 to 83
Event: 1514.107 Thread 0x00007f17280b2210 releasing handles for JVMCI runtime 0: oop handles=83, metadata handles={total=192, live=180, blocks=43}
Event: 1514.108 Thread 0x00007f17280b2210 detached from JVMCI runtime 0
Event: 1832.446 Thread 0x00007f17280b2210 attached to JVMCI runtime 0
Event: 1832.448 Thread 0x00007f17280b2210 created JavaVM[13]@0x00007f16d3b9e340 for JVMCI runtime 0
Event: 1835.100 Thread 0x00007f17280b2210 initializing JVMCI runtime 0
Event: 1835.100 Thread 0x00007f17280b2210 done waiting for JavaVM references initialization in JVMCI runtime 0
Event: 1851.520 Thread 0x00007f17280b2210 initialized JVMCI runtime 0
Event: 1871.618 Thread 0x00007f17280b2210 detaching from JVMCI runtime 0: releasing idle compiler thread (0 other threads still attached)
Event: 1871.618 Thread 0x00007f17280b2210 shutting down HotSpotJVMCIRuntime for JVMCI runtime 0
Event: 1872.939 Thread 0x00007f17280b2210 shut down JVMCI runtime 0
Event: 1874.518 Thread 0x00007f17280b2210 destroyed JavaVM[13]@0x00007f16d3b9e340 for JVMCI runtime 0
Event: 1874.518 Thread 0x00007f17280b2210 compacted oop handles in JVMCI runtime 0 from 45 to 45
Event: 1874.518 Thread 0x00007f17280b2210 releasing handles for JVMCI runtime 0: oop handles=45, metadata handles={total=90, live=79, blocks=43}
Event: 1874.518 Thread 0x00007f17280b2210 detached from JVMCI runtime 0
Event: 1917.340 Thread 0x00007f17280b2210 attached to JVMCI runtime 0
Event: 1917.342 Thread 0x00007f17280b2210 created JavaVM[14]@0x00007f16d3b9e340 for JVMCI runtime 0
Event: 1917.342 Thread 0x00007f17280b2210 initializing JVMCI runtime 0
Event: 1917.342 Thread 0x00007f17280b2210 done waiting for JavaVM references initialization in JVMCI runtime 0

Compilation events (20 events):
Event: 1645.110 Thread 0x00007f17280b3720 nmethod 10178 0x00007f1710c91c90 code [0x00007f1710c91fc0, 0x00007f1710c944e0]
Event: 1669.427 Thread 0x00007f17280b3720 10179       3       java.util.concurrent.locks.ReentrantLock$NonfairSync::tryAcquire (27 bytes)
Event: 1671.623 Thread 0x00007f17280b3720 nmethod 10179 0x00007f1710c94d10 code [0x00007f1710c94ec0, 0x00007f1710c95120]
Event: 1724.618 Thread 0x00007f17280b3720 10180       1       org.eclipse.jdt.ls.core.internal.LanguageServer::getParentProcessId (5 bytes)
Event: 1724.618 Thread 0x00007f17280b3720 nmethod 10180 0x00007f1717241810 code [0x00007f17172419a0, 0x00007f1717241a70]
Event: 1743.904 Thread 0x00007f17280b3720 10181       3       org.eclipse.core.internal.dtree.DeltaDataTree::assembleNode (15 bytes)
Event: 1746.430 Thread 0x00007f17280b3720 nmethod 10181 0x00007f1710c95210 code [0x00007f1710c953c0, 0x00007f1710c95720]
Event: 1746.430 Thread 0x00007f17280b3720 10182       3       org.eclipse.core.internal.dtree.AbstractDataTreeNode::<init> (34 bytes)
Event: 1748.911 Thread 0x00007f17280b3720 nmethod 10182 0x00007f1710c95810 code [0x00007f1710c959c0, 0x00007f1710c95c30]
Event: 1756.718 Thread 0x00007f17280b3720 10183       3       java.io.FileOutputStream$1::close (11 bytes)
Event: 1756.718 Thread 0x00007f17280b3720 nmethod 10183 0x00007f1710c95d10 code [0x00007f1710c95f00, 0x00007f1710c96550]
Event: 1785.041 Thread 0x00007f17280b3720 10184  s    1       org.eclipse.core.internal.jobs.ThreadJob::isRunning (5 bytes)
Event: 1785.041 Thread 0x00007f17280b3720 nmethod 10184 0x00007f1717241b10 code [0x00007f1717241ca0, 0x00007f1717241e10]
Event: 1832.446 Thread 0x00007f17280b2210 10185       4       java.util.concurrent.locks.ReentrantLock$Sync::isHeldExclusively (16 bytes)
Event: 1838.738 Thread 0x00007f17280b3720 10186       3       java.text.DecimalFormat::append (94 bytes)
Event: 1838.739 Thread 0x00007f17280b3720 nmethod 10186 0x00007f1710c96790 code [0x00007f1710c96980, 0x00007f1710c975e0]
Event: 1870.532 Thread 0x00007f17280b2210 nmethod 10185 0x00007f1717241e90 code [0x00007f1717242000, 0x00007f1717242058]
Event: 1914.137 Thread 0x00007f17280b3720 10187       3       org.eclipse.core.internal.jobs.JobManager::lifeTimeInMs (19 bytes)
Event: 1915.240 Thread 0x00007f17280b3720 nmethod 10187 0x00007f1710c97990 code [0x00007f1710c97b40, 0x00007f1710c97d50]
Event: 1917.340 Thread 0x00007f17280b2210 10188       4       com.google.gson.stream.JsonReader::nextString (197 bytes)

GC Heap History (20 events):
Event: 1949.036 GC heap before
{Heap before GC invocations=1540 (full 1435):
 PSYoungGen      total 46592K, used 25087K [0x00000000f5580000, 0x00000000f9a00000, 0x0000000100000000)
  eden space 25088K, 99% used [0x00000000f5580000,0x00000000f6dfffc0,0x00000000f6e00000)
  from space 21504K, 0% used [0x00000000f8300000,0x00000000f8300000,0x00000000f9800000)
  to   space 21504K, 0% used [0x00000000f6e00000,0x00000000f6e00000,0x00000000f8300000)
 ParOldGen       total 349696K, used 349695K [0x00000000e0000000, 0x00000000f5580000, 0x00000000f5580000)
  object space 349696K, 99% used [0x00000000e0000000,0x00000000f557ffd0,0x00000000f5580000)
 Metaspace       used 62273K, committed 63360K, reserved 1105920K
  class space    used 6133K, committed 6592K, reserved 1048576K
}
Event: 1950.027 GC heap after
{Heap after GC invocations=1540 (full 1435):
 PSYoungGen      total 46592K, used 25087K [0x00000000f5580000, 0x00000000f9a00000, 0x0000000100000000)
  eden space 25088K, 99% used [0x00000000f5580000,0x00000000f6dfffc0,0x00000000f6e00000)
  from space 21504K, 0% used [0x00000000f6e00000,0x00000000f6e00000,0x00000000f8300000)
  to   space 21504K, 0% used [0x00000000f8300000,0x00000000f8300000,0x00000000f9800000)
 ParOldGen       total 349696K, used 349695K [0x00000000e0000000, 0x00000000f5580000, 0x00000000f5580000)
  object space 349696K, 99% used [0x00000000e0000000,0x00000000f557ffd0,0x00000000f5580000)
 Metaspace       used 62273K, committed 63360K, reserved 1105920K
  class space    used 6133K, committed 6592K, reserved 1048576K
}
Event: 1950.028 GC heap before
{Heap before GC invocations=1541 (full 1436):
 PSYoungGen      total 46592K, used 25087K [0x00000000f5580000, 0x00000000f9a00000, 0x0000000100000000)
  eden space 25088K, 99% used [0x00000000f5580000,0x00000000f6dffff8,0x00000000f6e00000)
  from space 21504K, 0% used [0x00000000f6e00000,0x00000000f6e00000,0x00000000f8300000)
  to   space 21504K, 0% used [0x00000000f8300000,0x00000000f8300000,0x00000000f9800000)
 ParOldGen       total 349696K, used 349695K [0x00000000e0000000, 0x00000000f5580000, 0x00000000f5580000)
  object space 349696K, 99% used [0x00000000e0000000,0x00000000f557fff0,0x00000000f5580000)
 Metaspace       used 62273K, committed 63360K, reserved 1105920K
  class space    used 6133K, committed 6592K, reserved 1048576K
}
Event: 1951.028 GC heap after
{Heap after GC invocations=1541 (full 1436):
 PSYoungGen      total 46592K, used 25087K [0x00000000f5580000, 0x00000000f9a00000, 0x0000000100000000)
  eden space 25088K, 99% used [0x00000000f5580000,0x00000000f6dffff8,0x00000000f6e00000)
  from space 21504K, 0% used [0x00000000f8300000,0x00000000f8300000,0x00000000f9800000)
  to   space 21504K, 0% used [0x00000000f6e00000,0x00000000f6e00000,0x00000000f8300000)
 ParOldGen       total 349696K, used 349695K [0x00000000e0000000, 0x00000000f5580000, 0x00000000f5580000)
  object space 349696K, 99% used [0x00000000e0000000,0x00000000f557ffb8,0x00000000f5580000)
 Metaspace       used 62273K, committed 63360K, reserved 1105920K
  class space    used 6133K, committed 6592K, reserved 1048576K
}
Event: 1951.028 GC heap before
{Heap before GC invocations=1542 (full 1437):
 PSYoungGen      total 46592K, used 25087K [0x00000000f5580000, 0x00000000f9a00000, 0x0000000100000000)
  eden space 25088K, 99% used [0x00000000f5580000,0x00000000f6dffff8,0x00000000f6e00000)
  from space 21504K, 0% used [0x00000000f8300000,0x00000000f8300000,0x00000000f9800000)
  to   space 21504K, 0% used [0x00000000f6e00000,0x00000000f6e00000,0x00000000f8300000)
 ParOldGen       total 349696K, used 349695K [0x00000000e0000000, 0x00000000f5580000, 0x00000000f5580000)
  object space 349696K, 99% used [0x00000000e0000000,0x00000000f557fff0,0x00000000f5580000)
 Metaspace       used 62273K, committed 63360K, reserved 1105920K
  class space    used 6133K, committed 6592K, reserved 1048576K
}
Event: 1952.199 GC heap after
{Heap after GC invocations=1542 (full 1437):
 PSYoungGen      total 46592K, used 25087K [0x00000000f5580000, 0x00000000f9a00000, 0x0000000100000000)
  eden space 25088K, 99% used [0x00000000f5580000,0x00000000f6dffff8,0x00000000f6e00000)
  from space 21504K, 0% used [0x00000000f6e00000,0x00000000f6e00000,0x00000000f8300000)
  to   space 21504K, 0% used [0x00000000f8300000,0x00000000f8300000,0x00000000f9800000)
 ParOldGen       total 349696K, used 349695K [0x00000000e0000000, 0x00000000f5580000, 0x00000000f5580000)
  object space 349696K, 99% used [0x00000000e0000000,0x00000000f557fff0,0x00000000f5580000)
 Metaspace       used 62273K, committed 63360K, reserved 1105920K
  class space    used 6133K, committed 6592K, reserved 1048576K
}
Event: 1952.199 GC heap before
{Heap before GC invocations=1543 (full 1438):
 PSYoungGen      total 46592K, used 25087K [0x00000000f5580000, 0x00000000f9a00000, 0x0000000100000000)
  eden space 25088K, 99% used [0x00000000f5580000,0x00000000f6dffff8,0x00000000f6e00000)
  from space 21504K, 0% used [0x00000000f6e00000,0x00000000f6e00000,0x00000000f8300000)
  to   space 21504K, 0% used [0x00000000f8300000,0x00000000f8300000,0x00000000f9800000)
 ParOldGen       total 349696K, used 349695K [0x00000000e0000000, 0x00000000f5580000, 0x00000000f5580000)
  object space 349696K, 99% used [0x00000000e0000000,0x00000000f557fff0,0x00000000f5580000)
 Metaspace       used 62273K, committed 63360K, reserved 1105920K
  class space    used 6133K, committed 6592K, reserved 1048576K
}
Event: 1953.333 GC heap after
{Heap after GC invocations=1543 (full 1438):
 PSYoungGen      total 46592K, used 25087K [0x00000000f5580000, 0x00000000f9a00000, 0x0000000100000000)
  eden space 25088K, 99% used [0x00000000f5580000,0x00000000f6dffff8,0x00000000f6e00000)
  from space 21504K, 0% used [0x00000000f8300000,0x00000000f8300000,0x00000000f9800000)
  to   space 21504K, 0% used [0x00000000f6e00000,0x00000000f6e00000,0x00000000f8300000)
 ParOldGen       total 349696K, used 349695K [0x00000000e0000000, 0x00000000f5580000, 0x00000000f5580000)
  object space 349696K, 99% used [0x00000000e0000000,0x00000000f557fff0,0x00000000f5580000)
 Metaspace       used 62273K, committed 63360K, reserved 1105920K
  class space    used 6133K, committed 6592K, reserved 1048576K
}
Event: 1953.336 GC heap before
{Heap before GC invocations=1544 (full 1439):
 PSYoungGen      total 46592K, used 25087K [0x00000000f5580000, 0x00000000f9a00000, 0x0000000100000000)
  eden space 25088K, 99% used [0x00000000f5580000,0x00000000f6dffff8,0x00000000f6e00000)
  from space 21504K, 0% used [0x00000000f8300000,0x00000000f8300000,0x00000000f9800000)
  to   space 21504K, 0% used [0x00000000f6e00000,0x00000000f6e00000,0x00000000f8300000)
 ParOldGen       total 349696K, used 349695K [0x00000000e0000000, 0x00000000f5580000, 0x00000000f5580000)
  object space 349696K, 99% used [0x00000000e0000000,0x00000000f557fff0,0x00000000f5580000)
 Metaspace       used 62273K, committed 63360K, reserved 1105920K
  class space    used 6133K, committed 6592K, reserved 1048576K
}
Event: 1954.616 GC heap after
{Heap after GC invocations=1544 (full 1439):
 PSYoungGen      total 46592K, used 25087K [0x00000000f5580000, 0x00000000f9a00000, 0x0000000100000000)
  eden space 25088K, 99% used [0x00000000f5580000,0x00000000f6dffff8,0x00000000f6e00000)
  from space 21504K, 0% used [0x00000000f6e00000,0x00000000f6e00000,0x00000000f8300000)
  to   space 21504K, 0% used [0x00000000f8300000,0x00000000f8300000,0x00000000f9800000)
 ParOldGen       total 349696K, used 349695K [0x00000000e0000000, 0x00000000f5580000, 0x00000000f5580000)
  object space 349696K, 99% used [0x00000000e0000000,0x00000000f557fff0,0x00000000f5580000)
 Metaspace       used 62273K, committed 63360K, reserved 1105920K
  class space    used 6133K, committed 6592K, reserved 1048576K
}
Event: 1954.617 GC heap before
{Heap before GC invocations=1545 (full 1440):
 PSYoungGen      total 46592K, used 25087K [0x00000000f5580000, 0x00000000f9a00000, 0x0000000100000000)
  eden space 25088K, 99% used [0x00000000f5580000,0x00000000f6dffff8,0x00000000f6e00000)
  from space 21504K, 0% used [0x00000000f6e00000,0x00000000f6e00000,0x00000000f8300000)
  to   space 21504K, 0% used [0x00000000f8300000,0x00000000f8300000,0x00000000f9800000)
 ParOldGen       total 349696K, used 349695K [0x00000000e0000000, 0x00000000f5580000, 0x00000000f5580000)
  object space 349696K, 99% used [0x00000000e0000000,0x00000000f557fff0,0x00000000f5580000)
 Metaspace       used 62273K, committed 63360K, reserved 1105920K
  class space    used 6133K, committed 6592K, reserved 1048576K
}
Event: 1955.643 GC heap after
{Heap after GC invocations=1545 (full 1440):
 PSYoungGen      total 46592K, used 25087K [0x00000000f5580000, 0x00000000f9a00000, 0x0000000100000000)
  eden space 25088K, 99% used [0x00000000f5580000,0x00000000f6dffff8,0x00000000f6e00000)
  from space 21504K, 0% used [0x00000000f8300000,0x00000000f8300000,0x00000000f9800000)
  to   space 21504K, 0% used [0x00000000f6e00000,0x00000000f6e00000,0x00000000f8300000)
 ParOldGen       total 349696K, used 349695K [0x00000000e0000000, 0x00000000f5580000, 0x00000000f5580000)
  object space 349696K, 99% used [0x00000000e0000000,0x00000000f557fff0,0x00000000f5580000)
 Metaspace       used 62273K, committed 63360K, reserved 1105920K
  class space    used 6133K, committed 6592K, reserved 1048576K
}
Event: 1955.643 GC heap before
{Heap before GC invocations=1546 (full 1441):
 PSYoungGen      total 46592K, used 25087K [0x00000000f5580000, 0x00000000f9a00000, 0x0000000100000000)
  eden space 25088K, 99% used [0x00000000f5580000,0x00000000f6dffff8,0x00000000f6e00000)
  from space 21504K, 0% used [0x00000000f8300000,0x00000000f8300000,0x00000000f9800000)
  to   space 21504K, 0% used [0x00000000f6e00000,0x00000000f6e00000,0x00000000f8300000)
 ParOldGen       total 349696K, used 349695K [0x00000000e0000000, 0x00000000f5580000, 0x00000000f5580000)
  object space 349696K, 99% used [0x00000000e0000000,0x00000000f557fff0,0x00000000f5580000)
 Metaspace       used 62273K, committed 63360K, reserved 1105920K
  class space    used 6133K, committed 6592K, reserved 1048576K
}
Event: 1956.738 GC heap after
{Heap after GC invocations=1546 (full 1441):
 PSYoungGen      total 46592K, used 25087K [0x00000000f5580000, 0x00000000f9a00000, 0x0000000100000000)
  eden space 25088K, 99% used [0x00000000f5580000,0x00000000f6dffff8,0x00000000f6e00000)
  from space 21504K, 0% used [0x00000000f6e00000,0x00000000f6e00000,0x00000000f8300000)
  to   space 21504K, 0% used [0x00000000f8300000,0x00000000f8300000,0x00000000f9800000)
 ParOldGen       total 349696K, used 349695K [0x00000000e0000000, 0x00000000f5580000, 0x00000000f5580000)
  object space 349696K, 99% used [0x00000000e0000000,0x00000000f557fff0,0x00000000f5580000)
 Metaspace       used 62273K, committed 63360K, reserved 1105920K
  class space    used 6133K, committed 6592K, reserved 1048576K
}
Event: 1956.738 GC heap before
{Heap before GC invocations=1547 (full 1442):
 PSYoungGen      total 46592K, used 25087K [0x00000000f5580000, 0x00000000f9a00000, 0x0000000100000000)
  eden space 25088K, 99% used [0x00000000f5580000,0x00000000f6dffff8,0x00000000f6e00000)
  from space 21504K, 0% used [0x00000000f6e00000,0x00000000f6e00000,0x00000000f8300000)
  to   space 21504K, 0% used [0x00000000f8300000,0x00000000f8300000,0x00000000f9800000)
 ParOldGen       total 349696K, used 349695K [0x00000000e0000000, 0x00000000f5580000, 0x00000000f5580000)
  object space 349696K, 99% used [0x00000000e0000000,0x00000000f557fff0,0x00000000f5580000)
 Metaspace       used 62273K, committed 63360K, reserved 1105920K
  class space    used 6133K, committed 6592K, reserved 1048576K
}
Event: 1957.936 GC heap after
{Heap after GC invocations=1547 (full 1442):
 PSYoungGen      total 46592K, used 25087K [0x00000000f5580000, 0x00000000f9a00000, 0x0000000100000000)
  eden space 25088K, 99% used [0x00000000f5580000,0x00000000f6dffff8,0x00000000f6e00000)
  from space 21504K, 0% used [0x00000000f8300000,0x00000000f8300000,0x00000000f9800000)
  to   space 21504K, 0% used [0x00000000f6e00000,0x00000000f6e00000,0x00000000f8300000)
 ParOldGen       total 349696K, used 349695K [0x00000000e0000000, 0x00000000f5580000, 0x00000000f5580000)
  object space 349696K, 99% used [0x00000000e0000000,0x00000000f557fff0,0x00000000f5580000)
 Metaspace       used 62273K, committed 63360K, reserved 1105920K
  class space    used 6133K, committed 6592K, reserved 1048576K
}
Event: 1957.936 GC heap before
{Heap before GC invocations=1548 (full 1443):
 PSYoungGen      total 46592K, used 25087K [0x00000000f5580000, 0x00000000f9a00000, 0x0000000100000000)
  eden space 25088K, 99% used [0x00000000f5580000,0x00000000f6dffff8,0x00000000f6e00000)
  from space 21504K, 0% used [0x00000000f8300000,0x00000000f8300000,0x00000000f9800000)
  to   space 21504K, 0% used [0x00000000f6e00000,0x00000000f6e00000,0x00000000f8300000)
 ParOldGen       total 349696K, used 349695K [0x00000000e0000000, 0x00000000f5580000, 0x00000000f5580000)
  object space 349696K, 99% used [0x00000000e0000000,0x00000000f557fff0,0x00000000f5580000)
 Metaspace       used 62273K, committed 63360K, reserved 1105920K
  class space    used 6133K, committed 6592K, reserved 1048576K
}
Event: 1959.063 GC heap after
{Heap after GC invocations=1548 (full 1443):
 PSYoungGen      total 46592K, used 25087K [0x00000000f5580000, 0x00000000f9a00000, 0x0000000100000000)
  eden space 25088K, 99% used [0x00000000f5580000,0x00000000f6dffff8,0x00000000f6e00000)
  from space 21504K, 0% used [0x00000000f6e00000,0x00000000f6e00000,0x00000000f8300000)
  to   space 21504K, 0% used [0x00000000f8300000,0x00000000f8300000,0x00000000f9800000)
 ParOldGen       total 349696K, used 349695K [0x00000000e0000000, 0x00000000f5580000, 0x00000000f5580000)
  object space 349696K, 99% used [0x00000000e0000000,0x00000000f557ffd0,0x00000000f5580000)
 Metaspace       used 62273K, committed 63360K, reserved 1105920K
  class space    used 6133K, committed 6592K, reserved 1048576K
}
Event: 1959.063 GC heap before
{Heap before GC invocations=1549 (full 1444):
 PSYoungGen      total 46592K, used 25087K [0x00000000f5580000, 0x00000000f9a00000, 0x0000000100000000)
  eden space 25088K, 99% used [0x00000000f5580000,0x00000000f6dffff8,0x00000000f6e00000)
  from space 21504K, 0% used [0x00000000f6e00000,0x00000000f6e00000,0x00000000f8300000)
  to   space 21504K, 0% used [0x00000000f8300000,0x00000000f8300000,0x00000000f9800000)
 ParOldGen       total 349696K, used 349695K [0x00000000e0000000, 0x00000000f5580000, 0x00000000f5580000)
  object space 349696K, 99% used [0x00000000e0000000,0x00000000f557ffd0,0x00000000f5580000)
 Metaspace       used 62273K, committed 63360K, reserved 1105920K
  class space    used 6133K, committed 6592K, reserved 1048576K
}
Event: 1960.227 GC heap after
{Heap after GC invocations=1549 (full 1444):
 PSYoungGen      total 46592K, used 25087K [0x00000000f5580000, 0x00000000f9a00000, 0x0000000100000000)
  eden space 25088K, 99% used [0x00000000f5580000,0x00000000f6dffff8,0x00000000f6e00000)
  from space 21504K, 0% used [0x00000000f8300000,0x00000000f8300000,0x00000000f9800000)
  to   space 21504K, 0% used [0x00000000f6e00000,0x00000000f6e00000,0x00000000f8300000)
 ParOldGen       total 349696K, used 349695K [0x00000000e0000000, 0x00000000f5580000, 0x00000000f5580000)
  object space 349696K, 99% used [0x00000000e0000000,0x00000000f557ffd0,0x00000000f5580000)
 Metaspace       used 62273K, committed 63360K, reserved 1105920K
  class space    used 6133K, committed 6592K, reserved 1048576K
}

Dll operation events (9 events):
Event: 0.002 Loaded shared library /nix/store/gpxl5qgg8kicmcvivwmybwjlpf7wh20l-graalvm17-ce-22.3.0/lib/libjava.so
Event: 0.011 Loaded shared library /nix/store/gpxl5qgg8kicmcvivwmybwjlpf7wh20l-graalvm17-ce-22.3.0/lib/libjsvml.so
Event: 0.425 Loaded shared library /nix/store/gpxl5qgg8kicmcvivwmybwjlpf7wh20l-graalvm17-ce-22.3.0/lib/libnio.so
Event: 0.449 Loaded shared library /nix/store/gpxl5qgg8kicmcvivwmybwjlpf7wh20l-graalvm17-ce-22.3.0/lib/libzip.so
Event: 0.462 Loaded shared library /nix/store/gpxl5qgg8kicmcvivwmybwjlpf7wh20l-graalvm17-ce-22.3.0/lib/libjvmcicompiler.so
Event: 1.223 Loaded shared library /nix/store/gpxl5qgg8kicmcvivwmybwjlpf7wh20l-graalvm17-ce-22.3.0/lib/libjimage.so
Event: 1.999 Loaded shared library /nix/store/gpxl5qgg8kicmcvivwmybwjlpf7wh20l-graalvm17-ce-22.3.0/lib/libnet.so
Event: 7.800 Loaded shared library /home/runner/.cache/jdt-language-server/config/org.eclipse.equinox.launcher/org.eclipse.equinox.launcher.gtk.linux.x86_64_1.2.400.v20211117-0650/eclipse_11600.so
Event: 19.521 Loaded shared library /nix/store/gpxl5qgg8kicmcvivwmybwjlpf7wh20l-graalvm17-ce-22.3.0/lib/libextnet.so

Deoptimization events (20 events):
Event: 1623.971 Thread 0x00007f16bc494b20 Uncommon trap: trap_request=0xffffff8f fr.pc=0x00007f171720a61b relative=0x00000000000011db
Event: 1623.971 Thread 0x00007f16bc494b20 Uncommon trap: reason=constraint action=none pc=0x00007f171720a61b method=org.eclipse.jdt.internal.core.index.DiskIndex.copyQueryResults(Lorg/eclipse/jdt/internal/compiler/util/HashtableOfObject;I)V @ 123 jvmci
Event: 1623.971 Thread 0x00007f16bc494b20 DEOPT PACKING pc=0x00007f171720a61b sp=0x00007f16d53fe530
Event: 1623.971 Thread 0x00007f16bc494b20 DEOPT UNPACKING pc=0x00007f170f505325 sp=0x00007f16d53fda28 mode 3
Event: 1629.525 Thread 0x00007f16bc494b20 Uncommon trap: trap_request=0xffffff8f fr.pc=0x00007f171720b594 relative=0x0000000000000274
Event: 1629.525 Thread 0x00007f16bc494b20 Uncommon trap: reason=constraint action=none pc=0x00007f171720b594 method=org.eclipse.jdt.internal.core.index.DiskIndex$IntList.add(I)V @ 0 jvmci
Event: 1629.525 Thread 0x00007f16bc494b20 DEOPT PACKING pc=0x00007f171720b594 sp=0x00007f16d53fe500
Event: 1629.525 Thread 0x00007f16bc494b20 DEOPT UNPACKING pc=0x00007f170f505325 sp=0x00007f16d53fd9b0 mode 3
Event: 1950.027 Thread 0x00007f17280b2210 Uncommon trap: trap_request=0xffffff8f fr.pc=0x00007f171703b71b relative=0x000000000000017b
Event: 1950.027 Thread 0x00007f17280b2210 Uncommon trap: reason=constraint action=none pc=0x00007f171703b71b method=java.io.ByteArrayOutputStream.<init>(I)V @ 0 jvmci
Event: 1950.027 Thread 0x00007f17280b2210 DEOPT PACKING pc=0x00007f171703b71b sp=0x00007f170e246020
Event: 1950.027 Thread 0x00007f17280b2210 DEOPT UNPACKING pc=0x00007f170f505325 sp=0x00007f170e2454c8 mode 3
Event: 1953.336 Thread 0x00007f172836c860 Uncommon trap: trap_request=0xffffff8f fr.pc=0x00007f1716fdad34 relative=0x0000000000000414
Event: 1953.336 Thread 0x00007f172836c860 Uncommon trap: reason=constraint action=none pc=0x00007f1716fdad34 method=java.lang.String.<init>([CII)V @ 0 jvmci
Event: 1953.336 Thread 0x00007f172836c860 DEOPT PACKING pc=0x00007f1716fdad34 sp=0x00007f16d5bfdb70
Event: 1953.336 Thread 0x00007f172836c860 DEOPT UNPACKING pc=0x00007f170f505325 sp=0x00007f16d5bfd008 mode 3
Event: 1955.643 Thread 0x00007f16bc494b20 Uncommon trap: trap_request=0xffffff8f fr.pc=0x00007f171720a5ff relative=0x00000000000011bf
Event: 1955.643 Thread 0x00007f16bc494b20 Uncommon trap: reason=constraint action=none pc=0x00007f171720a5ff method=org.eclipse.jdt.internal.core.index.DiskIndex.copyQueryResults(Lorg/eclipse/jdt/internal/compiler/util/HashtableOfObject;I)V @ 123 jvmci
Event: 1955.643 Thread 0x00007f16bc494b20 DEOPT PACKING pc=0x00007f171720a5ff sp=0x00007f16d53fe530
Event: 1955.643 Thread 0x00007f16bc494b20 DEOPT UNPACKING pc=0x00007f170f505325 sp=0x00007f16d53fda28 mode 3

Classes unloaded (20 events):
Event: 570.321 Thread 0x00007f17280a1c10 Unloading class 0x00000008010f4000 'jdk/internal/reflect/GeneratedSerializationConstructorAccessor43'
Event: 570.321 Thread 0x00007f17280a1c10 Unloading class 0x0000000801115800 'jdk/internal/reflect/GeneratedSerializationConstructorAccessor40'
Event: 570.321 Thread 0x00007f17280a1c10 Unloading class 0x000000080120dc00 'jdk/internal/reflect/GeneratedSerializationConstructorAccessor37'
Event: 570.321 Thread 0x00007f17280a1c10 Unloading class 0x0000000801290000 'jdk/internal/reflect/GeneratedSerializationConstructorAccessor36'
Event: 693.651 Thread 0x00007f17280a1c10 Unloading class 0x0000000801100c00 'jdk/internal/reflect/GeneratedMethodAccessor16'
Event: 693.651 Thread 0x00007f17280a1c10 Unloading class 0x0000000801100800 'jdk/internal/reflect/GeneratedSerializationConstructorAccessor62'
Event: 693.651 Thread 0x00007f17280a1c10 Unloading class 0x0000000801115400 'jdk/internal/reflect/GeneratedSerializationConstructorAccessor61'
Event: 693.651 Thread 0x00007f17280a1c10 Unloading class 0x0000000801115000 'jdk/internal/reflect/GeneratedSerializationConstructorAccessor60'
Event: 693.651 Thread 0x00007f17280a1c10 Unloading class 0x0000000801118c00 'jdk/internal/reflect/GeneratedSerializationConstructorAccessor59'
Event: 693.651 Thread 0x00007f17280a1c10 Unloading class 0x0000000801118800 'jdk/internal/reflect/GeneratedSerializationConstructorAccessor58'
Event: 693.651 Thread 0x00007f17280a1c10 Unloading class 0x0000000800d05000 'jdk/internal/reflect/GeneratedSerializationConstructorAccessor52'
Event: 693.651 Thread 0x00007f17280a1c10 Unloading class 0x0000000801100400 'jdk/internal/reflect/GeneratedSerializationConstructorAccessor42'
Event: 693.651 Thread 0x00007f17280a1c10 Unloading class 0x0000000801101000 'jdk/internal/reflect/GeneratedSerializationConstructorAccessor41'
Event: 698.597 Thread 0x00007f17280a1c10 Unloading class 0x000000080107e000 'jdk/internal/reflect/GeneratedSerializationConstructorAccessor63'
Event: 712.811 Thread 0x00007f17280a1c10 Unloading class 0x0000000800f08000 'jdk/internal/reflect/GeneratedSerializationConstructorAccessor65'
Event: 712.811 Thread 0x00007f17280a1c10 Unloading class 0x000000080107e400 'jdk/internal/reflect/GeneratedSerializationConstructorAccessor64'
Event: 712.811 Thread 0x00007f17280a1c10 Unloading class 0x0000000801121000 'jdk/internal/reflect/GeneratedSerializationConstructorAccessor56'
Event: 712.811 Thread 0x00007f17280a1c10 Unloading class 0x0000000801121800 'jdk/internal/reflect/GeneratedSerializationConstructorAccessor38'
Event: 715.138 Thread 0x00007f17280a1c10 Unloading class 0x0000000800f08400 'jdk/internal/reflect/GeneratedMethodAccessor17'
Event: 715.138 Thread 0x00007f17280a1c10 Unloading class 0x0000000801118400 'jdk/internal/reflect/GeneratedSerializationConstructorAccessor39'

Classes redefined (0 events):
No events

Internal exceptions (20 events):
Event: 466.536 Thread 0x00007f167c015ba0 Exception <a 'java/lang/NoSuchMethodError'{0x00000000f5516708}: static Lorg/eclipse/m2e/core/internal/lifecyclemapping/model/PluginExecutionFilter;.<clinit>()V> (0x00000000f5516708) 
thrown [src/hotspot/share/prims/jni.cpp, line 1107]
Event: 567.345 Thread 0x00007f167c015ba0 Exception <a 'java/lang/NoSuchMethodError'{0x00000000f6dfc050}: static [J.<clinit>()V> (0x00000000f6dfc050) 
thrown [src/hotspot/share/prims/jni.cpp, line 1107]
Event: 1577.929 Thread 0x00007f16bc494b20 Exception <a 'java/lang/OutOfMemoryError'{0x00000000e0012600}> (0x00000000e0012600) 
thrown [src/hotspot/share/gc/shared/memAllocator.cpp, line 138]
Event: 1577.929 Thread 0x00007f16bc494b20 Implicit null exception at 0x00007f171720a08e to 0x00007f171720a600
Event: 1619.944 Thread 0x00007f16bc2babd0 Exception <a 'java/lang/OutOfMemoryError'{0x00000000e0012060}> (0x00000000e0012060) 
thrown [src/hotspot/share/gc/shared/memAllocator.cpp, line 138]
Event: 1619.944 Thread 0x00007f16bc2babd0 Implicit null exception at 0x00007f17170580d8 to 0x00007f17170580dc
Event: 1623.971 Thread 0x00007f16bc494b20 Exception <a 'java/lang/OutOfMemoryError'{0x00000000e0011ac0}> (0x00000000e0011ac0) 
thrown [src/hotspot/share/gc/shared/memAllocator.cpp, line 138]
Event: 1623.971 Thread 0x00007f16bc494b20 Implicit null exception at 0x00007f171720a08e to 0x00007f171720a600
Event: 1629.525 Thread 0x00007f16bc494b20 Exception <a 'java/lang/OutOfMemoryError'{0x00000000e0011ac0}> (0x00000000e0011ac0) 
thrown [src/hotspot/share/gc/shared/memAllocator.cpp, line 138]
Event: 1629.525 Thread 0x00007f16bc494b20 Implicit null exception at 0x00007f171720b4ed to 0x00007f171720b579
Event: 1632.503 Thread 0x00007f167c015ba0 Exception <a 'java/lang/OutOfMemoryError'{0x00000000e0011de0}> (0x00000000e0011de0) 
thrown [src/hotspot/share/gc/shared/memAllocator.cpp, line 136]
Event: 1661.621 Thread 0x00007f167c015ba0 Exception <a 'java/lang/OutOfMemoryError'{0x00000000e0011de0}> (0x00000000e0011de0) 
thrown [src/hotspot/share/gc/shared/memAllocator.cpp, line 136]
Event: 1950.027 Thread 0x00007f17280b2210 Exception <a 'java/lang/OutOfMemoryError'{0x00000000e0011ac0}> (0x00000000e0011ac0) 
thrown [src/hotspot/share/gc/shared/memAllocator.cpp, line 138]
Event: 1950.027 Thread 0x00007f17280b2210 Implicit null exception at 0x00007f171703b6d1 to 0x00007f171703b700
Event: 1953.336 Thread 0x00007f172836c860 Exception <a 'java/lang/OutOfMemoryError'{0x00000000e0011ac0}> (0x00000000e0011ac0) 
thrown [src/hotspot/share/gc/shared/memAllocator.cpp, line 138]
Event: 1953.336 Thread 0x00007f172836c860 Implicit null exception at 0x00007f1716fdab85 to 0x00007f1716fdad19
Event: 1955.643 Thread 0x00007f16bc494b20 Exception <a 'java/lang/OutOfMemoryError'{0x00000000e0011ac0}> (0x00000000e0011ac0) 
thrown [src/hotspot/share/gc/shared/memAllocator.cpp, line 138]
Event: 1955.643 Thread 0x00007f16bc494b20 Implicit null exception at 0x00007f171720a053 to 0x00007f171720a5e4
Event: 1957.936 Thread 0x00007f16bc494b20 Exception <a 'java/lang/OutOfMemoryError'{0x00000000e0011de0}> (0x00000000e0011de0) 
thrown [src/hotspot/share/gc/shared/memAllocator.cpp, line 136]
Event: 1960.227 Thread 0x00007f17280b2210 Exception <a 'java/lang/OutOfMemoryError'{0x00000000e0011de0}> (0x00000000e0011de0) 
thrown [src/hotspot/share/gc/shared/memAllocator.cpp, line 136]

VM Operations (20 events):
Event: 1943.711 Executing VM operation: ParallelGCFailedAllocation done
Event: 1943.711 Executing VM operation: ParallelGCFailedAllocation
Event: 1944.924 Executing VM operation: ParallelGCFailedAllocation done
Event: 1944.929 Executing VM operation: ParallelGCFailedAllocation
Event: 1946.336 Executing VM operation: ParallelGCFailedAllocation done
Event: 1946.336 Executing VM operation: ParallelGCFailedAllocation
Event: 1947.817 Executing VM operation: ParallelGCFailedAllocation done
Event: 1947.817 Executing VM operation: ParallelGCFailedAllocation
Event: 1950.027 Executing VM operation: ParallelGCFailedAllocation done
Event: 1950.027 Executing VM operation: ParallelGCFailedAllocation
Event: 1951.028 Executing VM operation: ParallelGCFailedAllocation done
Event: 1951.028 Executing VM operation: ParallelGCFailedAllocation
Event: 1953.333 Executing VM operation: ParallelGCFailedAllocation done
Event: 1953.336 Executing VM operation: ParallelGCFailedAllocation
Event: 1955.643 Executing VM operation: ParallelGCFailedAllocation done
Event: 1955.643 Executing VM operation: ParallelGCFailedAllocation
Event: 1957.936 Executing VM operation: ParallelGCFailedAllocation done
Event: 1957.936 Executing VM operation: ParallelGCFailedAllocation
Event: 1960.227 Executing VM operation: ParallelGCFailedAllocation done
Event: 1960.227 Executing VM operation: ParallelGCFailedAllocation

Events (20 events):
Event: 396.718 Thread 0x00007f1690003c20 Thread exited: 0x00007f1690003c20
Event: 396.718 Thread 0x00007f1698447290 Thread exited: 0x00007f1698447290
Event: 398.504 Thread 0x00007f16b815d8d0 Thread added: 0x00007f16b815d8d0
Event: 398.504 Protecting memory [0x00007f16d4700000,0x00007f16d4704000] with protection modes 0
Event: 398.504 Thread 0x00007f16a0001130 Thread added: 0x00007f16a0001130
Event: 398.504 Protecting memory [0x00007f16d5600000,0x00007f16d5604000] with protection modes 0
Event: 398.507 Thread 0x00007f16a0001130 Thread exited: 0x00007f16a0001130
Event: 414.133 Thread 0x00007f16b815d8d0 Thread exited: 0x00007f16b815d8d0
Event: 445.672 Thread 0x00007f1698447810 Thread exited: 0x00007f1698447810
Event: 715.602 Thread 0x00007f16a00d8df0 Thread added: 0x00007f16a00d8df0
Event: 715.602 Protecting memory [0x00007f170c100000,0x00007f170c104000] with protection modes 0
Event: 784.915 Thread 0x00007f16b00010d0 Thread exited: 0x00007f16b00010d0
Event: 1233.624 Thread 0x00007f16a00d98c0 Thread added: 0x00007f16a00d98c0
Event: 1233.624 Protecting memory [0x00007f16d5500000,0x00007f16d5504000] with protection modes 0
Event: 1702.226 loading class java/lang/AssertionError
Event: 1707.149 loading class java/lang/AssertionError done
Event: 1794.110 Thread 0x00007f16a00d8df0 Thread exited: 0x00007f16a00d8df0
Event: 1903.607 Thread 0x00007f168c000ff0 Thread exited: 0x00007f168c000ff0
Event: 1912.946 Thread 0x00007f16b815d8d0 Thread added: 0x00007f16b815d8d0
Event: 1912.946 Protecting memory [0x00007f16d4500000,0x00007f16d4504000] with protection modes 0


Dynamic libraries:
e0000000-f5580000 rw-p 00000000 00:00 0 
f5580000-f9a00000 rw-p 00000000 00:00 0 
f9a00000-100000000 ---p 00000000 00:00 0 
800000000-800449000 rw-p 00001000 00:21a4 4611686019135357769            /nix/store/gpxl5qgg8kicmcvivwmybwjlpf7wh20l-graalvm17-ce-22.3.0/lib/server/classes.jsa
800449000-800bc8000 r--p 0044a000 00:21a4 4611686019135357769            /nix/store/gpxl5qgg8kicmcvivwmybwjlpf7wh20l-graalvm17-ce-22.3.0/lib/server/classes.jsa
800bc8000-800c00000 ---p 00000000 00:00 0 
800c00000-800c20000 rw-p 00000000 00:00 0 
800c20000-800c40000 rw-p 00000000 00:00 0 
800c40000-800cc0000 rw-p 00000000 00:00 0 
800cc0000-800d00000 rw-p 00000000 00:00 0 
800d00000-800dc0000 rw-p 00000000 00:00 0 
800dc0000-800e00000 rw-p 00000000 00:00 0 
800e00000-800f40000 rw-p 00000000 00:00 0 
800f40000-800fc0000 rw-p 00000000 00:00 0 
800fc0000-801000000 rw-p 00000000 00:00 0 
801000000-8011c0000 rw-p 00000000 00:00 0 
8011c0000-8011d0000 rw-p 00000000 00:00 0 
8011d0000-801200000 ---p 00000000 00:00 0 
801200000-8012a0000 rw-p 00000000 00:00 0 
8012a0000-840c00000 ---p 00000000 00:00 0 
564bdc6f7000-564bdc6f8000 r-xp 00000000 00:21a4 4611686019099417844      /nix/store/gpxl5qgg8kicmcvivwmybwjlpf7wh20l-graalvm17-ce-22.3.0/bin/.java-wrapped
564bdc6f9000-564bdc6fa000 r--p 00001000 00:21a4 4611686019099417844      /nix/store/gpxl5qgg8kicmcvivwmybwjlpf7wh20l-graalvm17-ce-22.3.0/bin/.java-wrapped
564bdc6fa000-564bdc6fb000 rw-p 00002000 00:21a4 4611686019099417844      /nix/store/gpxl5qgg8kicmcvivwmybwjlpf7wh20l-graalvm17-ce-22.3.0/bin/.java-wrapped
564bdc6fb000-564bdc6fc000 rw-p 00004000 00:21a4 4611686019099417844      /nix/store/gpxl5qgg8kicmcvivwmybwjlpf7wh20l-graalvm17-ce-22.3.0/bin/.java-wrapped
564bdc6fc000-564bdc6fd000 rw-p 00005000 00:21a4 4611686019099417844      /nix/store/gpxl5qgg8kicmcvivwmybwjlpf7wh20l-graalvm17-ce-22.3.0/bin/.java-wrapped
564bdcd1c000-564bdcd64000 rw-p 00000000 00:00 0                          [heap]
7f1650000000-7f1650030000 rw-p 00000000 00:00 0 
7f1650030000-7f1654000000 ---p 00000000 00:00 0 
7f1654000000-7f1654021000 rw-p 00000000 00:00 0 
7f1654021000-7f1658000000 ---p 00000000 00:00 0 
7f1658000000-7f165806d000 rw-p 00000000 00:00 0 
7f165806d000-7f165c000000 ---p 00000000 00:00 0 
7f165c000000-7f165c021000 rw-p 00000000 00:00 0 
7f165c021000-7f1660000000 ---p 00000000 00:00 0 
7f1660000000-7f16600d0000 rw-p 00000000 00:00 0 
7f16600d0000-7f1664000000 ---p 00000000 00:00 0 
7f1664000000-7f1664062000 rw-p 00000000 00:00 0 
7f1664062000-7f1668000000 ---p 00000000 00:00 0 
7f166b800000-7f166bf90000 rw-p 00000000 00:00 0 
7f166bf90000-7f166c000000 ---p 00000000 00:00 0 
7f166c000000-7f166c021000 rw-p 00000000 00:00 0 
7f166c021000-7f1670000000 ---p 00000000 00:00 0 
7f1670000000-7f1670021000 rw-p 00000000 00:00 0 
7f1670021000-7f1674000000 ---p 00000000 00:00 0 
7f1674000000-7f1674021000 rw-p 00000000 00:00 0 
7f1674021000-7f1678000000 ---p 00000000 00:00 0 
7f1678000000-7f1678021000 rw-p 00000000 00:00 0 
7f1678021000-7f167c000000 ---p 00000000 00:00 0 
7f167c000000-7f167c024000 rw-p 00000000 00:00 0 
7f167c024000-7f1680000000 ---p 00000000 00:00 0 
7f1681400000-7f1681b80000 rw-p 00000000 00:00 0 
7f1681b80000-7f1681be0000 rw-p 00000000 00:00 0 
7f1681be0000-7f1681c00000 ---p 00000000 00:00 0 
7f16824b3000-7f168c000000 r--s 00000000 00:21a4 4611686019135192581      /nix/store/gpxl5qgg8kicmcvivwmybwjlpf7wh20l-graalvm17-ce-22.3.0/lib/modules
7f168c000000-7f168c02c000 rw-p 00000000 00:00 0 
7f168c02c000-7f1690000000 ---p 00000000 00:00 0 
7f1690000000-7f1690021000 rw-p 00000000 00:00 0 
7f1690021000-7f1694000000 ---p 00000000 00:00 0 
7f1694000000-7f1694021000 rw-p 00000000 00:00 0 
7f1694021000-7f1698000000 ---p 00000000 00:00 0 
7f1698000000-7f16985eb000 rw-p 00000000 00:00 0 
7f16985eb000-7f169c000000 ---p 00000000 00:00 0 
7f169c000000-7f169c021000 rw-p 00000000 00:00 0 
7f169c021000-7f16a0000000 ---p 00000000 00:00 0 
7f16a0000000-7f16a0187000 rw-p 00000000 00:00 0 
7f16a0187000-7f16a4000000 ---p 00000000 00:00 0 
7f16a4000000-7f16a4056000 rw-p 00000000 00:00 0 
7f16a4056000-7f16a8000000 ---p 00000000 00:00 0 
7f16a8000000-7f16a8059000 rw-p 00000000 00:00 0 
7f16a8059000-7f16ac000000 ---p 00000000 00:00 0 
7f16ac000000-7f16ac021000 rw-p 00000000 00:00 0 
7f16ac021000-7f16b0000000 ---p 00000000 00:00 0 
7f16b0000000-7f16b02fe000 rw-p 00000000 00:00 0 
7f16b02fe000-7f16b4000000 ---p 00000000 00:00 0 
7f16b4000000-7f16b4021000 rw-p 00000000 00:00 0 
7f16b4021000-7f16b8000000 ---p 00000000 00:00 0 
7f16b8000000-7f16b8174000 rw-p 00000000 00:00 0 
7f16b8174000-7f16bc000000 ---p 00000000 00:00 0 
7f16bc000000-7f16bc8ca000 rw-p 00000000 00:00 0 
7f16bc8ca000-7f16c0000000 ---p 00000000 00:00 0 
7f16c0000000-7f16c0024000 rw-p 00000000 00:00 0 
7f16c0024000-7f16c4000000 ---p 00000000 00:00 0 
7f16c4000000-7f16c4021000 rw-p 00000000 00:00 0 
7f16c4021000-7f16c8000000 ---p 00000000 00:00 0 
7f16c8000000-7f16c8021000 rw-p 00000000 00:00 0 
7f16c8021000-7f16cc000000 ---p 00000000 00:00 0 
7f16cc000000-7f16cc02a000 rw-p 00000000 00:00 0 
7f16cc02a000-7f16d0000000 ---p 00000000 00:00 0 
7f16d0000000-7f16d0500000 rw-p 00000000 00:00 0 
7f16d0500000-7f16d0600000 rw-p 00000000 00:00 0 
7f16d0600000-7f16d0800000 rw-p 00000000 00:00 0 
7f16d0800000-7f16d08c0000 rw-p 00000000 00:00 0 
7f16d08c0000-7f16d0900000 rw-p 00000000 00:00 0 
7f16d0900000-7f16d0b00000 rw-p 00000000 00:00 0 
7f16d0b00000-7f16d0c00000 rw-p 00000000 00:00 0 
7f16d0c00000-7f16d0d00000 rw-p 00000000 00:00 0 
7f16d0d00000-7f16d0e00000 rw-p 00000000 00:00 0 
7f16d0e00000-7f16d0f00000 rw-p 00000000 00:00 0 
7f16d0f00000-7f16d1000000 rw-p 00000000 00:00 0 
7f16d1800000-7f16d1900000 rw-p 00000000 00:00 0 
7f16d1900000-7f16d1a00000 rw-p 00000000 00:00 0 
7f16d1a00000-7f16d2000000 rw-p 00000000 00:00 0 
7f16d2000000-7f16d2100000 rw-p 00000000 00:00 0 
7f16d2100000-7f16d2200000 rw-p 00000000 00:00 0 
7f16d2200000-7f16d2500000 rw-p 00000000 00:00 0 
7f16d2500000-7f16d2600000 rw-p 00000000 00:00 0 
7f16d2600000-7f16d2800000 rw-p 00000000 00:00 0 
7f16d2800000-7f16d2810000 r-xp 00000000 00:21a1 358                      /home/runner/.cache/jdt-language-server/config/org.eclipse.equinox.launcher/org.eclipse.equinox.launcher.gtk.linux.x86_64_1.2.400.v20211117-0650/eclipse_11600.so
7f16d2810000-7f16d2a0f000 ---p 00010000 00:21a1 358                      /home/runner/.cache/jdt-language-server/config/org.eclipse.equinox.launcher/org.eclipse.equinox.launcher.gtk.linux.x86_64_1.2.400.v20211117-0650/eclipse_11600.so
7f16d2a0f000-7f16d2a10000 r--p 0000f000 00:21a1 358                      /home/runner/.cache/jdt-language-server/config/org.eclipse.equinox.launcher/org.eclipse.equinox.launcher.gtk.linux.x86_64_1.2.400.v20211117-0650/eclipse_11600.so
7f16d2a10000-7f16d2a11000 rw-p 00010000 00:21a1 358                      /home/runner/.cache/jdt-language-server/config/org.eclipse.equinox.launcher/org.eclipse.equinox.launcher.gtk.linux.x86_64_1.2.400.v20211117-0650/eclipse_11600.so
7f16d2f00000-7f16d3000000 ---p 00000000 00:00 0 
7f16d3000000-7f16d35af000 r--p 01122000 00:21a4 4611686019135190040      /nix/store/gpxl5qgg8kicmcvivwmybwjlpf7wh20l-graalvm17-ce-22.3.0/lib/libjvmcicompiler.so
7f16d35af000-7f16d3700000 r--p 00000000 00:00 0 
7f16d3700000-7f16d373d000 rw-p 00000000 00:00 0 
7f16d373d000-7f16d3c5d000 rw-p 0185f000 00:21a4 4611686019135190040      /nix/store/gpxl5qgg8kicmcvivwmybwjlpf7wh20l-graalvm17-ce-22.3.0/lib/libjvmcicompiler.so
7f16d3c5d000-7f16d4044000 r--p 01d7f000 00:21a4 4611686019135190040      /nix/store/gpxl5qgg8kicmcvivwmybwjlpf7wh20l-graalvm17-ce-22.3.0/lib/libjvmcicompiler.so
7f16d4100000-7f16d4104000 ---p 00000000 00:00 0 
7f16d4104000-7f16d4200000 rw-p 00000000 00:00 0 
7f16d4300000-7f16d4304000 ---p 00000000 00:00 0 
7f16d4304000-7f16d4400000 rw-p 00000000 00:00 0 
7f16d4500000-7f16d4504000 ---p 00000000 00:00 0 
7f16d4504000-7f16d4600000 rw-p 00000000 00:00 0 
7f16d4600000-7f16d4604000 ---p 00000000 00:00 0 
7f16d4604000-7f16d4700000 rw-p 00000000 00:00 0 
7f16d4700000-7f16d4704000 ---p 00000000 00:00 0 
7f16d4704000-7f16d4800000 rw-p 00000000 00:00 0 
7f16d4800000-7f16d4804000 ---p 00000000 00:00 0 
7f16d4804000-7f16d4900000 rw-p 00000000 00:00 0 
7f16d4900000-7f16d4904000 ---p 00000000 00:00 0 
7f16d4904000-7f16d4a00000 rw-p 00000000 00:00 0 
7f16d4a00000-7f16d4a04000 ---p 00000000 00:00 0 
7f16d4a04000-7f16d4b00000 rw-p 00000000 00:00 0 
7f16d4b00000-7f16d4b04000 ---p 00000000 00:00 0 
7f16d4b04000-7f16d4c00000 rw-p 00000000 00:00 0 
7f16d4d00000-7f16d4d04000 ---p 00000000 00:00 0 
7f16d4d04000-7f16d4e00000 rw-p 00000000 00:00 0 
7f16d4e00000-7f16d4e04000 ---p 00000000 00:00 0 
7f16d4e04000-7f16d4f00000 rw-p 00000000 00:00 0 
7f16d4f00000-7f16d4f04000 ---p 00000000 00:00 0 
7f16d4f04000-7f16d5000000 rw-p 00000000 00:00 0 
7f16d5100000-7f16d5104000 ---p 00000000 00:00 0 
7f16d5104000-7f16d5200000 rw-p 00000000 00:00 0 
7f16d5300000-7f16d5304000 ---p 00000000 00:00 0 
7f16d5304000-7f16d5400000 rw-p 00000000 00:00 0 
7f16d5400000-7f16d5404000 ---p 00000000 00:00 0 
7f16d5404000-7f16d5500000 rw-p 00000000 00:00 0 
7f16d5500000-7f16d5504000 ---p 00000000 00:00 0 
7f16d5504000-7f16d5600000 rw-p 00000000 00:00 0 
7f16d5600000-7f16d5604000 ---p 00000000 00:00 0 
7f16d5604000-7f16d5700000 rw-p 00000000 00:00 0 
7f16d5700000-7f16d5704000 ---p 00000000 00:00 0 
7f16d5704000-7f16d5800000 rw-p 00000000 00:00 0 
7f16d5800000-7f16d5804000 ---p 00000000 00:00 0 
7f16d5804000-7f16d5900000 rw-p 00000000 00:00 0 
7f16d5900000-7f16d5904000 ---p 00000000 00:00 0 
7f16d5904000-7f16d5a00000 rw-p 00000000 00:00 0 
7f16d5b00000-7f16d5b04000 ---p 00000000 00:00 0 
7f16d5b04000-7f16d5c00000 rw-p 00000000 00:00 0 
7f16d5c00000-7f16d7d6a000 r-xp 00000000 00:21a4 4611686019135190040      /nix/store/gpxl5qgg8kicmcvivwmybwjlpf7wh20l-graalvm17-ce-22.3.0/lib/libjvmcicompiler.so
7f16d7d6a000-7f16d7f69000 ---p 0216a000 00:21a4 4611686019135190040      /nix/store/gpxl5qgg8kicmcvivwmybwjlpf7wh20l-graalvm17-ce-22.3.0/lib/libjvmcicompiler.so
7f16d7f69000-7f16d7f6a000 r--p 02169000 00:21a4 4611686019135190040      /nix/store/gpxl5qgg8kicmcvivwmybwjlpf7wh20l-graalvm17-ce-22.3.0/lib/libjvmcicompiler.so
7f16d7f6a000-7f16d7f6c000 rw-p 0216a000 00:21a4 4611686019135190040      /nix/store/gpxl5qgg8kicmcvivwmybwjlpf7wh20l-graalvm17-ce-22.3.0/lib/libjvmcicompiler.so
7f16d7f6c000-7f16d7f6d000 rw-p 00000000 00:00 0 
7f16d7f6d000-7f16d7f72000 rw-p 023c3000 00:21a4 4611686019135190040      /nix/store/gpxl5qgg8kicmcvivwmybwjlpf7wh20l-graalvm17-ce-22.3.0/lib/libjvmcicompiler.so
7f16d8000000-7f16d8021000 rw-p 00000000 00:00 0 
7f16d8021000-7f16dc000000 ---p 00000000 00:00 0 
7f16dc000000-7f16dc021000 rw-p 00000000 00:00 0 
7f16dc021000-7f16e0000000 ---p 00000000 00:00 0 
7f16e0000000-7f16e0061000 rw-p 00000000 00:00 0 
7f16e0061000-7f16e4000000 ---p 00000000 00:00 0 
7f16e4000000-7f16e4021000 rw-p 00000000 00:00 0 
7f16e4021000-7f16e8000000 ---p 00000000 00:00 0 
7f16e8000000-7f16e80ea000 rw-p 00000000 00:00 0 
7f16e80ea000-7f16ec000000 ---p 00000000 00:00 0 
7f16ec000000-7f16ecbae000 rw-p 00000000 00:00 0 
7f16ecbae000-7f16f0000000 ---p 00000000 00:00 0 
7f16f0000000-7f16f0021000 rw-p 00000000 00:00 0 
7f16f0021000-7f16f4000000 ---p 00000000 00:00 0 
7f16f4000000-7f16f4021000 rw-p 00000000 00:00 0 
7f16f4021000-7f16f8000000 ---p 00000000 00:00 0 
7f16f8000000-7f16f8021000 rw-p 00000000 00:00 0 
7f16f8021000-7f16fc000000 ---p 00000000 00:00 0 
7f16fc000000-7f16fc021000 rw-p 00000000 00:00 0 
7f16fc021000-7f1700000000 ---p 00000000 00:00 0 
7f1700000000-7f1700021000 rw-p 00000000 00:00 0 
7f1700021000-7f1704000000 ---p 00000000 00:00 0 
7f1704000000-7f1704021000 rw-p 00000000 00:00 0 
7f1704021000-7f1708000000 ---p 00000000 00:00 0 
7f1708000000-7f17081d9000 rw-p 00000000 00:00 0 
7f17081d9000-7f170c000000 ---p 00000000 00:00 0 
7f170c000000-7f170c004000 ---p 00000000 00:00 0 
7f170c004000-7f170c100000 rw-p 00000000 00:00 0 
7f170c100000-7f170c104000 ---p 00000000 00:00 0 
7f170c104000-7f170c200000 rw-p 00000000 00:00 0 
7f170c200000-7f170c204000 ---p 00000000 00:00 0 
7f170c204000-7f170c300000 rw-p 00000000 00:00 0 
7f170c400000-7f170c404000 ---p 00000000 00:00 0 
7f170c404000-7f170c500000 rw-p 00000000 00:00 0 
7f170c500000-7f170c504000 ---p 00000000 00:00 0 
7f170c504000-7f170c600000 rw-p 00000000 00:00 0 
7f170c600000-7f170c604000 ---p 00000000 00:00 0 
7f170c604000-7f170c700000 rw-p 00000000 00:00 0 
7f170c800000-7f170c804000 ---p 00000000 00:00 0 
7f170c804000-7f170c900000 rw-p 00000000 00:00 0 
7f170d568000-7f170da00000 rw-p 00000000 00:00 0 
7f170da46000-7f170da47000 ---p 00000000 00:00 0 
7f170da47000-7f170db48000 rw-p 00000000 00:00 0 
7f170db48000-7f170db4c000 ---p 00000000 00:00 0 
7f170db4c000-7f170dc48000 rw-p 00000000 00:00 0 
7f170dc48000-7f170dc4c000 ---p 00000000 00:00 0 
7f170dc4c000-7f170dd48000 rw-p 00000000 00:00 0 
7f170dd48000-7f170dd4c000 ---p 00000000 00:00 0 
7f170dd4c000-7f170de48000 rw-p 00000000 00:00 0 
7f170de48000-7f170de4c000 ---p 00000000 00:00 0 
7f170de4c000-7f170e048000 rw-p 00000000 00:00 0 
7f170e048000-7f170e04c000 ---p 00000000 00:00 0 
7f170e04c000-7f170e248000 rw-p 00000000 00:00 0 
7f170e248000-7f170e24c000 ---p 00000000 00:00 0 
7f170e24c000-7f170e348000 rw-p 00000000 00:00 0 
7f170e348000-7f170e34c000 ---p 00000000 00:00 0 
7f170e34c000-7f170e448000 rw-p 00000000 00:00 0 
7f170e448000-7f170e44c000 ---p 00000000 00:00 0 
7f170e44c000-7f170e548000 rw-p 00000000 00:00 0 
7f170e548000-7f170e82e000 r--p 00000000 00:2187 28444448                 /usr/lib/locale/locale-archive
7f170e82e000-7f170e832000 ---p 00000000 00:00 0 
7f170e832000-7f170e92e000 rw-p 00000000 00:00 0 
7f170e92e000-7f170e932000 ---p 00000000 00:00 0 
7f170e932000-7f170ea2e000 rw-p 00000000 00:00 0 
7f170ea2e000-7f170ea2f000 ---p 00000000 00:00 0 
7f170ea2f000-7f170eb30000 rw-p 00000000 00:00 0 
7f170eb30000-7f170ebfe000 r-xp 00000000 00:21a4 4611686019135190036      /nix/store/gpxl5qgg8kicmcvivwmybwjlpf7wh20l-graalvm17-ce-22.3.0/lib/libjsvml.so
7f170ebfe000-7f170ebff000 r--p 000cd000 00:21a4 4611686019135190036      /nix/store/gpxl5qgg8kicmcvivwmybwjlpf7wh20l-graalvm17-ce-22.3.0/lib/libjsvml.so
7f170ebff000-7f170ec00000 rw-p 000ce000 00:21a4 4611686019135190036      /nix/store/gpxl5qgg8kicmcvivwmybwjlpf7wh20l-graalvm17-ce-22.3.0/lib/libjsvml.so
7f170ec00000-7f170f000000 rw-p 00000000 00:00 0 
7f170f000000-7f170f1e0000 rw-p 00000000 00:00 0 
7f170f1e0000-7f170f300000 rw-p 00000000 00:00 0 
7f170f300000-7f170f400000 rw-p 00000000 00:00 0 
7f170f48c000-7f170f48e000 r-xp 00000000 00:21a4 4611686019135190017      /nix/store/gpxl5qgg8kicmcvivwmybwjlpf7wh20l-graalvm17-ce-22.3.0/lib/libextnet.so
7f170f48e000-7f170f48f000 r--p 00001000 00:21a4 4611686019135190017      /nix/store/gpxl5qgg8kicmcvivwmybwjlpf7wh20l-graalvm17-ce-22.3.0/lib/libextnet.so
7f170f48f000-7f170f490000 rw-p 00002000 00:21a4 4611686019135190017      /nix/store/gpxl5qgg8kicmcvivwmybwjlpf7wh20l-graalvm17-ce-22.3.0/lib/libextnet.so
7f170f490000-7f170f491000 rw-p 00004000 00:21a4 4611686019135190017      /nix/store/gpxl5qgg8kicmcvivwmybwjlpf7wh20l-graalvm17-ce-22.3.0/lib/libextnet.so
7f170f491000-7f170f495000 ---p 00000000 00:00 0 
7f170f495000-7f170f4b3000 rw-p 00000000 00:00 0 
7f170f4b3000-7f170f723000 rwxp 00000000 00:00 0 
7f170f723000-7f170fa42000 ---p 00000000 00:00 0 
7f170fa42000-7f1710ca2000 rwxp 00000000 00:00 0 
7f1710ca2000-7f1716f7a000 ---p 00000000 00:00 0 
7f1716f7a000-7f171724a000 rwxp 00000000 00:00 0 
7f171724a000-7f171e4b3000 ---p 00000000 00:00 0 
7f171e4b3000-7f1728000000 r--s 00000000 00:21a4 4611686019135192581      /nix/store/gpxl5qgg8kicmcvivwmybwjlpf7wh20l-graalvm17-ce-22.3.0/lib/modules
7f1728000000-7f1728609000 rw-p 00000000 00:00 0 
7f1728609000-7f172c000000 ---p 00000000 00:00 0 
7f172c001000-7f172c008000 r-xp 00000000 00:21a4 4611686019135192580      /nix/store/gpxl5qgg8kicmcvivwmybwjlpf7wh20l-graalvm17-ce-22.3.0/lib/libzip.so
7f172c008000-7f172c009000 ---p 00007000 00:21a4 4611686019135192580      /nix/store/gpxl5qgg8kicmcvivwmybwjlpf7wh20l-graalvm17-ce-22.3.0/lib/libzip.so
7f172c009000-7f172c00a000 r--p 00007000 00:21a4 4611686019135192580      /nix/store/gpxl5qgg8kicmcvivwmybwjlpf7wh20l-graalvm17-ce-22.3.0/lib/libzip.so
7f172c00a000-7f172c00b000 rw-p 00008000 00:21a4 4611686019135192580      /nix/store/gpxl5qgg8kicmcvivwmybwjlpf7wh20l-graalvm17-ce-22.3.0/lib/libzip.so
7f172c00b000-7f172c00d000 rw-p 0000b000 00:21a4 4611686019135192580      /nix/store/gpxl5qgg8kicmcvivwmybwjlpf7wh20l-graalvm17-ce-22.3.0/lib/libzip.so
7f172c00d000-7f172c022000 r-xp 00000000 00:21a4 4611686019135192570      /nix/store/gpxl5qgg8kicmcvivwmybwjlpf7wh20l-graalvm17-ce-22.3.0/lib/libnet.so
7f172c022000-7f172c023000 ---p 00015000 00:21a4 4611686019135192570      /nix/store/gpxl5qgg8kicmcvivwmybwjlpf7wh20l-graalvm17-ce-22.3.0/lib/libnet.so
7f172c023000-7f172c024000 r--p 00015000 00:21a4 4611686019135192570      /nix/store/gpxl5qgg8kicmcvivwmybwjlpf7wh20l-graalvm17-ce-22.3.0/lib/libnet.so
7f172c024000-7f172c025000 rw-p 00016000 00:21a4 4611686019135192570      /nix/store/gpxl5qgg8kicmcvivwmybwjlpf7wh20l-graalvm17-ce-22.3.0/lib/libnet.so
7f172c025000-7f172c028000 rw-p 0001b000 00:21a4 4611686019135192570      /nix/store/gpxl5qgg8kicmcvivwmybwjlpf7wh20l-graalvm17-ce-22.3.0/lib/libnet.so
7f172c028000-7f172c03b000 r-xp 00000000 00:21a4 4611686019135192571      /nix/store/gpxl5qgg8kicmcvivwmybwjlpf7wh20l-graalvm17-ce-22.3.0/lib/libnio.so
7f172c03b000-7f172c03c000 r--p 00012000 00:21a4 4611686019135192571      /nix/store/gpxl5qgg8kicmcvivwmybwjlpf7wh20l-graalvm17-ce-22.3.0/lib/libnio.so
7f172c03c000-7f172c03d000 rw-p 00013000 00:21a4 4611686019135192571      /nix/store/gpxl5qgg8kicmcvivwmybwjlpf7wh20l-graalvm17-ce-22.3.0/lib/libnio.so
7f172c03d000-7f172c042000 rw-p 00019000 00:21a4 4611686019135192571      /nix/store/gpxl5qgg8kicmcvivwmybwjlpf7wh20l-graalvm17-ce-22.3.0/lib/libnio.so
7f172c042000-7f172d91a000 rw-p 00000000 00:00 0 
7f172d91a000-7f172d91b000 ---p 00000000 00:00 0 
7f172d91b000-7f172dac6000 rw-p 00000000 00:00 0 
7f172dac6000-7f172dae9000 rw-p 00000000 00:00 0 
7f172dae9000-7f172db1c000 ---p 00000000 00:00 0 
7f172db1c000-7f172db23000 rw-p 00000000 00:00 0 
7f172db23000-7f172dc08000 ---p 00000000 00:00 0 
7f172dc08000-7f172dc2d000 rw-p 00000000 00:00 0 
7f172dc2d000-7f172dcf3000 ---p 00000000 00:00 0 
7f172dcf3000-7f172dcf8000 rw-p 00000000 00:00 0 
7f172dcf8000-7f172dcff000 ---p 00000000 00:00 0 
7f172dcff000-7f172dd23000 r-xp 00000000 00:21a4 4611686019135190028      /nix/store/gpxl5qgg8kicmcvivwmybwjlpf7wh20l-graalvm17-ce-22.3.0/lib/libjava.so
7f172dd23000-7f172dd24000 ---p 00024000 00:21a4 4611686019135190028      /nix/store/gpxl5qgg8kicmcvivwmybwjlpf7wh20l-graalvm17-ce-22.3.0/lib/libjava.so
7f172dd24000-7f172dd25000 r--p 00024000 00:21a4 4611686019135190028      /nix/store/gpxl5qgg8kicmcvivwmybwjlpf7wh20l-graalvm17-ce-22.3.0/lib/libjava.so
7f172dd25000-7f172dd26000 rw-p 00025000 00:21a4 4611686019135190028      /nix/store/gpxl5qgg8kicmcvivwmybwjlpf7wh20l-graalvm17-ce-22.3.0/lib/libjava.so
7f172dd26000-7f172dd27000 rw-p 00000000 00:00 0 
7f172dd27000-7f172dd2e000 rw-p 0002f000 00:21a4 4611686019135190028      /nix/store/gpxl5qgg8kicmcvivwmybwjlpf7wh20l-graalvm17-ce-22.3.0/lib/libjava.so
7f172dd2e000-7f172dd36000 rw-s 00000000 00:2184 355                      /tmp/hsperfdata_runner/22
7f172dd36000-7f172dd37000 ---p 00000000 00:00 0 
7f172dd37000-7f172dd38000 r--p 00000000 00:00 0 
7f172dd38000-7f172dd39000 rwxp 00000000 00:00 0 
7f172dd39000-7f172dd54000 r-xp 00000000 00:21a4 4611686019135190032      /nix/store/gpxl5qgg8kicmcvivwmybwjlpf7wh20l-graalvm17-ce-22.3.0/lib/libjimage.so
7f172dd54000-7f172dd55000 ---p 0001b000 00:21a4 4611686019135190032      /nix/store/gpxl5qgg8kicmcvivwmybwjlpf7wh20l-graalvm17-ce-22.3.0/lib/libjimage.so
7f172dd55000-7f172dd57000 r--p 0001b000 00:21a4 4611686019135190032      /nix/store/gpxl5qgg8kicmcvivwmybwjlpf7wh20l-graalvm17-ce-22.3.0/lib/libjimage.so
7f172dd57000-7f172dd58000 rw-p 0001d000 00:21a4 4611686019135190032      /nix/store/gpxl5qgg8kicmcvivwmybwjlpf7wh20l-graalvm17-ce-22.3.0/lib/libjimage.so
7f172dd58000-7f172dd59000 rw-p 00024000 00:21a4 4611686019135190032      /nix/store/gpxl5qgg8kicmcvivwmybwjlpf7wh20l-graalvm17-ce-22.3.0/lib/libjimage.so
7f172dd59000-7f172dd5d000 ---p 00000000 00:00 0 
7f172dd5d000-7f172de59000 rw-p 00000000 00:00 0 
7f172de59000-7f172de67000 r--p 00000000 00:21a4 4611686019027979927      /nix/store/4nlgxhb09sdr51nc9hdm8az5b08vzkgx-glibc-2.35-163/lib/libm.so.6
7f172de67000-7f172deda000 r-xp 0000e000 00:21a4 4611686019027979927      /nix/store/4nlgxhb09sdr51nc9hdm8az5b08vzkgx-glibc-2.35-163/lib/libm.so.6
7f172deda000-7f172df37000 r--p 00081000 00:21a4 4611686019027979927      /nix/store/4nlgxhb09sdr51nc9hdm8az5b08vzkgx-glibc-2.35-163/lib/libm.so.6
7f172df37000-7f172df38000 r--p 000dd000 00:21a4 4611686019027979927      /nix/store/4nlgxhb09sdr51nc9hdm8az5b08vzkgx-glibc-2.35-163/lib/libm.so.6
7f172df38000-7f172df39000 rw-p 000de000 00:21a4 4611686019027979927      /nix/store/4nlgxhb09sdr51nc9hdm8az5b08vzkgx-glibc-2.35-163/lib/libm.so.6
7f172df39000-7f172df3a000 r--p 00000000 00:21a4 4611686019027979946      /nix/store/4nlgxhb09sdr51nc9hdm8az5b08vzkgx-glibc-2.35-163/lib/librt.so.1
7f172df3a000-7f172df3b000 r-xp 00001000 00:21a4 4611686019027979946      /nix/store/4nlgxhb09sdr51nc9hdm8az5b08vzkgx-glibc-2.35-163/lib/librt.so.1
7f172df3b000-7f172df3c000 r--p 00002000 00:21a4 4611686019027979946      /nix/store/4nlgxhb09sdr51nc9hdm8az5b08vzkgx-glibc-2.35-163/lib/librt.so.1
7f172df3c000-7f172df3d000 r--p 00002000 00:21a4 4611686019027979946      /nix/store/4nlgxhb09sdr51nc9hdm8az5b08vzkgx-glibc-2.35-163/lib/librt.so.1
7f172df3d000-7f172df3e000 rw-p 00003000 00:21a4 4611686019027979946      /nix/store/4nlgxhb09sdr51nc9hdm8az5b08vzkgx-glibc-2.35-163/lib/librt.so.1
7f172df3e000-7f172f051000 r-xp 00000000 00:21a4 4611686019135360866      /nix/store/gpxl5qgg8kicmcvivwmybwjlpf7wh20l-graalvm17-ce-22.3.0/lib/server/libjvm.so
7f172f051000-7f172f052000 ---p 01113000 00:21a4 4611686019135360866      /nix/store/gpxl5qgg8kicmcvivwmybwjlpf7wh20l-graalvm17-ce-22.3.0/lib/server/libjvm.so
7f172f052000-7f172f107000 r--p 01113000 00:21a4 4611686019135360866      /nix/store/gpxl5qgg8kicmcvivwmybwjlpf7wh20l-graalvm17-ce-22.3.0/lib/server/libjvm.so
7f172f107000-7f172f13b000 rw-p 011c8000 00:21a4 4611686019135360866      /nix/store/gpxl5qgg8kicmcvivwmybwjlpf7wh20l-graalvm17-ce-22.3.0/lib/server/libjvm.so
7f172f13b000-7f172f197000 rw-p 00000000 00:00 0 
7f172f197000-7f172f1bf000 r--p 00000000 00:21a4 4611686019027979918      /nix/store/4nlgxhb09sdr51nc9hdm8az5b08vzkgx-glibc-2.35-163/lib/libc.so.6
7f172f1bf000-7f172f335000 r-xp 00028000 00:21a4 4611686019027979918      /nix/store/4nlgxhb09sdr51nc9hdm8az5b08vzkgx-glibc-2.35-163/lib/libc.so.6
7f172f335000-7f172f38d000 r--p 0019e000 00:21a4 4611686019027979918      /nix/store/4nlgxhb09sdr51nc9hdm8az5b08vzkgx-glibc-2.35-163/lib/libc.so.6
7f172f38d000-7f172f391000 r--p 001f6000 00:21a4 4611686019027979918      /nix/store/4nlgxhb09sdr51nc9hdm8az5b08vzkgx-glibc-2.35-163/lib/libc.so.6
7f172f391000-7f172f393000 rw-p 001fa000 00:21a4 4611686019027979918      /nix/store/4nlgxhb09sdr51nc9hdm8az5b08vzkgx-glibc-2.35-163/lib/libc.so.6
7f172f393000-7f172f3a2000 rw-p 00000000 00:00 0 
7f172f3a2000-7f172f3a3000 r--p 00000000 00:21a4 4611686019027979923      /nix/store/4nlgxhb09sdr51nc9hdm8az5b08vzkgx-glibc-2.35-163/lib/libdl.so.2
7f172f3a3000-7f172f3a4000 r-xp 00001000 00:21a4 4611686019027979923      /nix/store/4nlgxhb09sdr51nc9hdm8az5b08vzkgx-glibc-2.35-163/lib/libdl.so.2
7f172f3a4000-7f172f3a5000 r--p 00002000 00:21a4 4611686019027979923      /nix/store/4nlgxhb09sdr51nc9hdm8az5b08vzkgx-glibc-2.35-163/lib/libdl.so.2
7f172f3a5000-7f172f3a6000 r--p 00002000 00:21a4 4611686019027979923      /nix/store/4nlgxhb09sdr51nc9hdm8az5b08vzkgx-glibc-2.35-163/lib/libdl.so.2
7f172f3a6000-7f172f3a7000 rw-p 00003000 00:21a4 4611686019027979923      /nix/store/4nlgxhb09sdr51nc9hdm8az5b08vzkgx-glibc-2.35-163/lib/libdl.so.2
7f172f3a7000-7f172f3a8000 r--p 00000000 00:21a4 4611686019027979942      /nix/store/4nlgxhb09sdr51nc9hdm8az5b08vzkgx-glibc-2.35-163/lib/libpthread.so.0
7f172f3a8000-7f172f3a9000 r-xp 00001000 00:21a4 4611686019027979942      /nix/store/4nlgxhb09sdr51nc9hdm8az5b08vzkgx-glibc-2.35-163/lib/libpthread.so.0
7f172f3a9000-7f172f3aa000 r--p 00002000 00:21a4 4611686019027979942      /nix/store/4nlgxhb09sdr51nc9hdm8az5b08vzkgx-glibc-2.35-163/lib/libpthread.so.0
7f172f3aa000-7f172f3ab000 r--p 00002000 00:21a4 4611686019027979942      /nix/store/4nlgxhb09sdr51nc9hdm8az5b08vzkgx-glibc-2.35-163/lib/libpthread.so.0
7f172f3ab000-7f172f3ac000 rw-p 00003000 00:21a4 4611686019027979942      /nix/store/4nlgxhb09sdr51nc9hdm8az5b08vzkgx-glibc-2.35-163/lib/libpthread.so.0
7f172f3ac000-7f172f3ba000 r-xp 00000000 00:21a4 4611686019135190033      /nix/store/gpxl5qgg8kicmcvivwmybwjlpf7wh20l-graalvm17-ce-22.3.0/lib/libjli.so
7f172f3ba000-7f172f3bb000 ---p 0000e000 00:21a4 4611686019135190033      /nix/store/gpxl5qgg8kicmcvivwmybwjlpf7wh20l-graalvm17-ce-22.3.0/lib/libjli.so
7f172f3bb000-7f172f3bc000 r--p 0000e000 00:21a4 4611686019135190033      /nix/store/gpxl5qgg8kicmcvivwmybwjlpf7wh20l-graalvm17-ce-22.3.0/lib/libjli.so
7f172f3bc000-7f172f3bd000 rw-p 0000f000 00:21a4 4611686019135190033      /nix/store/gpxl5qgg8kicmcvivwmybwjlpf7wh20l-graalvm17-ce-22.3.0/lib/libjli.so
7f172f3bd000-7f172f3be000 rw-p 00012000 00:21a4 4611686019135190033      /nix/store/gpxl5qgg8kicmcvivwmybwjlpf7wh20l-graalvm17-ce-22.3.0/lib/libjli.so
7f172f3be000-7f172f3c1000 r--p 00000000 00:21a4 4611686019106210071      /nix/store/026hln0aq1hyshaxsdvhg0kmcm6yf45r-zlib-1.2.13/lib/libz.so.1.2.13
7f172f3c1000-7f172f3d3000 r-xp 00003000 00:21a4 4611686019106210071      /nix/store/026hln0aq1hyshaxsdvhg0kmcm6yf45r-zlib-1.2.13/lib/libz.so.1.2.13
7f172f3d3000-7f172f3da000 r--p 00015000 00:21a4 4611686019106210071      /nix/store/026hln0aq1hyshaxsdvhg0kmcm6yf45r-zlib-1.2.13/lib/libz.so.1.2.13
7f172f3da000-7f172f3db000 r--p 0001b000 00:21a4 4611686019106210071      /nix/store/026hln0aq1hyshaxsdvhg0kmcm6yf45r-zlib-1.2.13/lib/libz.so.1.2.13
7f172f3db000-7f172f3dc000 rw-p 0001c000 00:21a4 4611686019106210071      /nix/store/026hln0aq1hyshaxsdvhg0kmcm6yf45r-zlib-1.2.13/lib/libz.so.1.2.13
7f172f3dc000-7f172f3de000 rw-p 00000000 00:00 0 
7f172f3de000-7f172f3e0000 r--p 00000000 00:21a4 4611686019027979912      /nix/store/4nlgxhb09sdr51nc9hdm8az5b08vzkgx-glibc-2.35-163/lib/ld-linux-x86-64.so.2
7f172f3e0000-7f172f407000 r-xp 00002000 00:21a4 4611686019027979912      /nix/store/4nlgxhb09sdr51nc9hdm8az5b08vzkgx-glibc-2.35-163/lib/ld-linux-x86-64.so.2
7f172f407000-7f172f413000 r--p 00029000 00:21a4 4611686019027979912      /nix/store/4nlgxhb09sdr51nc9hdm8az5b08vzkgx-glibc-2.35-163/lib/ld-linux-x86-64.so.2
7f172f413000-7f172f415000 r--p 00034000 00:21a4 4611686019027979912      /nix/store/4nlgxhb09sdr51nc9hdm8az5b08vzkgx-glibc-2.35-163/lib/ld-linux-x86-64.so.2
7f172f415000-7f172f417000 rw-p 00036000 00:21a4 4611686019027979912      /nix/store/4nlgxhb09sdr51nc9hdm8az5b08vzkgx-glibc-2.35-163/lib/ld-linux-x86-64.so.2
7ffdec9ed000-7ffdeca11000 rw-p 00000000 00:00 0                          [stack]
7ffdecb37000-7ffdecb3b000 r--p 00000000 00:00 0                          [vvar]
7ffdecb3b000-7ffdecb3d000 r-xp 00000000 00:00 0                          [vdso]
ffffffffff600000-ffffffffff601000 --xp 00000000 00:00 0                  [vsyscall]


VM Arguments:
jvm_args: -XX:ThreadPriorityPolicy=1 -XX:+UnlockExperimentalVMOptions -XX:+EnableJVMCIProduct -XX:JVMCIThreadsPerNativeLibraryRuntime=1 -XX:-UnlockExperimentalVMOptions -Declipse.application=org.eclipse.jdt.ls.core.id1 -Dosgi.bundles.defaultStartLevel=4 -Declipse.product=org.eclipse.jdt.ls.core.product -Dlog.level=ALL -Xverify:none -XX:+UseParallelGC -XX:GCTimeRatio=4 -XX:AdaptiveSizePolicyWeight=90 -Dsun.zip.disableMemoryMapping=true -Xmx512m -Xms100m 
java_command: /nix/store/m6gcpi1ii6rghy04cjwjddcavv7i90df-jdt-language-server-1.9.0/share/java/plugins/org.eclipse.equinox.launcher_1.6.400.v20210924-0641.jar --add-modules=ALL-SYSTEM --add-opens java.base/java.util=ALL-UNNAMED --add-opens java.base/java.lang=ALL-UNNAMED -configuration /home/runner/.cache/jdt-language-server/config -data /home/runner/.cache/jdt-language-server/data/home/runner/data-analytics-iHotaru
java_class_path (initial): /nix/store/m6gcpi1ii6rghy04cjwjddcavv7i90df-jdt-language-server-1.9.0/share/java/plugins/org.eclipse.equinox.launcher_1.6.400.v20210924-0641.jar
Launcher Type: SUN_STANDARD

[Global flags]
    uintx AdaptiveSizePolicyWeight                 = 90                                        {product} {command line}
     intx CICompilerCount                          = 2                                         {product} {ergonomic}
     bool EnableJVMCIProduct                       = true                                {JVMCI product} {jimage}
    uintx GCTimeRatio                              = 4                                         {product} {command line}
   size_t InitialHeapSize                          = 104857600                                 {product} {command line}
     uint JVMCIThreadsPerNativeLibraryRuntime      = 1                                   {JVMCI product} {jimage}
   size_t MaxHeapSize                              = 536870912                                 {product} {command line}
   size_t MaxNewSize                               = 178782208                                 {product} {ergonomic}
   size_t MinHeapDeltaBytes                        = 524288                                    {product} {ergonomic}
   size_t MinHeapSize                              = 104857600                                 {product} {command line}
   size_t NewSize                                  = 34603008                                  {product} {ergonomic}
    uintx NonNMethodCodeHeapSize                   = 5826188                                {pd product} {ergonomic}
    uintx NonProfiledCodeHeapSize                  = 122916026                              {pd product} {ergonomic}
   size_t OldSize                                  = 70254592                                  {product} {ergonomic}
    uintx ProfiledCodeHeapSize                     = 122916026                              {pd product} {ergonomic}
    uintx ReservedCodeCacheSize                    = 251658240                              {pd product} {ergonomic}
     bool SegmentedCodeCache                       = true                                      {product} {ergonomic}
   size_t SoftMaxHeapSize                          = 536870912                              {manageable} {ergonomic}
     intx ThreadPriorityPolicy                     = 1                                         {product} {jimage}
     bool UseCompressedClassPointers               = true                           {product lp64_product} {ergonomic}
     bool UseCompressedOops                        = true                           {product lp64_product} {ergonomic}
     bool UseParallelGC                            = true                                      {product} {command line}

Logging:
Log output configuration:
 #0: stdout all=warning uptime,level,tags
 #1: stderr all=off uptime,level,tags

Environment Variables:
JAVA_HOME=/nix/store/gpxl5qgg8kicmcvivwmybwjlpf7wh20l-graalvm17-ce-22.3.0
PATH=/nix/store/1d6ian3r8kdzspw8hacjhl3xkp40g1lj-binutils-wrapper-2.39/bin:/nix/store/dq0xwmsk1g0i2ayg6pb7y87na2knzylh-gcc-wrapper-11.3.0/bin:/nix/store/bap4d0lpcrhpwmpb8ayjcgkmvfj62lnq-bash-interactive-5.1-p16/bin:/nix/store/pr5n59mb4jzmfx6kanwxly0l07p861fg-patchelf-0.15.0/bin:/nix/store/1gf2flfqnpqbr1b4p4qz2f72y42bs56r-gcc-11.3.0/bin:/nix/store/57xv61c5zi8pphjbcwxxjlgc34p61ic9-glibc-2.35-163-bin/bin:/nix/store/a7gvj343m05j2s32xcnwr35v31ynlypr-coreutils-9.1/bin:/nix/store/039g378vc3pc3dvi9dzdlrd0i4q93qwf-binutils-2.39/bin:/nix/store/gpxl5qgg8kicmcvivwmybwjlpf7wh20l-graalvm17-ce-22.3.0/bin:/nix/store/6z9ag3ihc8mq2hzsw48lhbznvzny65nz-apache-maven-3.8.6/bin:/nix/store/m6gcpi1ii6rghy04cjwjddcavv7i90df-jdt-language-server-1.9.0/bin:/nix/store/84xs5alhs01zrbr4ywm05kxbjbp5590l-java-debug/bin:/nix/store/mydc6f4k2z73xlcz7ilif3v2lcaiqvza-findutils-4.9.0/bin:/nix/store/j9p3g8472iijd50vhdprx0nmk2fqn5gv-diffutils-3.8/bin:/nix/store/89zs7rms6x00xfq4dq6m7mjnhkr8a6r4-gnused-4.8/bin:/nix/store/86bp03jkmsl6f92w0yzg4s59g5mhxwmy-gnugrep-3.7/bin:/nix/store/hwcdqw4jrjnd37wxqgsd47hd0j8bnj09-gawk-5.1.1/bin:/nix/store/cfbhw8r8ags41vwqaz47r583d0p4h4a1-gnutar-1.34/bin:/nix/store/p3m1ndl1lapwrlh698bnb5lvvxh67378-gzip-1.12/bin:/nix/store/a8mhcagrsly7c7mpjrpsnaahk4aax056-bzip2-1.0.8-bin/bin:/nix/store/mblgz65m3zv9x548a3d5m96fj2pbwr09-gnumake-4.3/bin:/nix/store/dsd5gz46hdbdk2rfdimqddhq6m8m8fqs-bash-5.1-p16/bin:/nix/store/v7ljksji50mg3w61dykaa3n3y79n6nil-patch-2.7.6/bin:/nix/store/zlcnmqq14jz5x9439jf937mvayyl63da-xz-5.2.7-bin/bin:/nix/store/y6aj732zm9m87c82fpvf103a1xb22blp-file-5.43/bin:/nix/store/i4kzir3m7mrisxmf5xvlnkw01x4qaqr4-prybar-elisp-0.0.0-e0d9a52/bin:/nix/store/lwwivxf6h7x3cvxp9zv8sj0mv7dak99r-prybar-lua-0.0.0-e0d9a52/bin:/nix/store/gxj28g1cg4hq3qanmjv07156h800qr58-prybar-python3-0.0.0-e0d9a52/bin:/nix/store/hshkjnxrgidigf8x75vg6lqng2xlx9i3-prybar-sqlite-0.0.0-e0d9a52/bin:/nix/store/c4w01bpjgyy5ixmwdk8m1pw87zq4sl26-prybar-tcl-0.0.0-e0d9a52/bin:/nix/store/hpbvrlwd5viqmvcaisb3x0118i913a9n-st
LD_LIBRARY_PATH=/nix/store/a4pff549sk2idnkpzk5nsfps3mdkdnvm-cups-2.4.2-lib/lib:/nix/store/72mqxxhh3cy5yifh92wh2yb8cl2hikyy-cairo-1.16.0/lib:/nix/store/2k366jrbsra97gjfxwvrhvixjfxdach5-glib-2.74.1/lib:/nix/store/2j2znigd8ak37rlwh9khz0ry3clqlw1l-gtk+3-3.24.34/lib:/nix/store/hisqvx32cd57apbpcsnkpx6k3549wql1-libglvnd-1.4.0/lib:/nix/store/p36pgcv991mq5srvg765b78yqpxvk3qs-mesa-21.3.3-drivers/lib:/nix/store/mav4251if1ahjq5vkpwycyyvnmy459c4-pulseaudio-14.2/lib
DISPLAY=:0
LANG=en_US.UTF-8

Signal Handlers:
   SIGSEGV: crash_handler in libjvm.so, mask=11100100010111111101111111111110, flags=SA_RESTART|SA_SIGINFO
    SIGBUS: crash_handler in libjvm.so, mask=11100100010111111101111111111110, flags=SA_RESTART|SA_SIGINFO
    SIGFPE: crash_handler in libjvm.so, mask=11100100010111111101111111111110, flags=SA_RESTART|SA_SIGINFO
   SIGPIPE: IsolateEnterStub_IgnoreSIGPIPEStartupHook_noopSignalHandler_8f19bff2f35b5f630d83b364d6b2339320d4ec70_216e8361c6bc87a8f89f58cc10d3b2fd4415bf87 in libjvmcicompiler.so, mask=00000000000000000000000000000000, flags=SA_RESTART
  *** Handler was modified!
  *** Expected: javaSignalHandler in libjvm.so, mask=11100100110111111111111111111110, flags=SA_RESTART|SA_SIGINFO
   SIGXFSZ: javaSignalHandler in libjvm.so, mask=11100100010111111101111111111110, flags=SA_RESTART|SA_SIGINFO
    SIGILL: crash_handler in libjvm.so, mask=11100100010111111101111111111110, flags=SA_RESTART|SA_SIGINFO
   SIGUSR2: SR_handler in libjvm.so, mask=00000000000000000000000000000000, flags=SA_RESTART|SA_SIGINFO
    SIGHUP: UserHandler in libjvm.so, mask=11100100010111111101111111111110, flags=SA_RESTART|SA_SIGINFO
    SIGINT: UserHandler in libjvm.so, mask=11100100010111111101111111111110, flags=SA_RESTART|SA_SIGINFO
   SIGTERM: UserHandler in libjvm.so, mask=11100100010111111101111111111110, flags=SA_RESTART|SA_SIGINFO
   SIGQUIT: UserHandler in libjvm.so, mask=11100100010111111101111111111110, flags=SA_RESTART|SA_SIGINFO
  *** Handler was modified!
  *** Expected: javaSignalHandler in libjvm.so, mask=11100100110111111111111111111110, flags=SA_RESTART|SA_SIGINFO
   SIGTRAP: crash_handler in libjvm.so, mask=11100100010111111101111111111110, flags=SA_RESTART|SA_SIGINFO


---------------  S Y S T E M  ---------------

OS:
DISTRIB_ID=Ubuntu
DISTRIB_RELEASE=20.04
DISTRIB_CODENAME=focal
DISTRIB_DESCRIPTION="Ubuntu 20.04.2 LTS"
uname: Linux 5.19.0-1027-gcp #29~22.04.1-Ubuntu SMP Thu Jun 22 05:13:17 UTC 2023 x86_64
OS uptime: 0 days 1:58 hours
libc: glibc 2.35 NPTL 2.35 
rlimit (soft/hard): STACK 8192k/infinity , CORE infinity/infinity , NPROC infinity/infinity , NOFILE 5242/5242 , AS infinity/infinity , CPU infinity/infinity , DATA infinity/infinity , FSIZE infinity/infinity , MEMLOCK 8192k/8192k
load average: 16.08 16.29 16.67

/proc/meminfo:
MemTotal:       65839952 kB
MemFree:         3908044 kB
MemAvailable:   35495852 kB
Buffers:         1924776 kB
Cached:         28319268 kB
SwapCached:            0 kB
Active:          8469940 kB
Inactive:       49148328 kB
Active(anon):      24508 kB
Inactive(anon): 26870632 kB
Active(file):    8445432 kB
Inactive(file): 22277696 kB
Unevictable:       56676 kB
Mlocked:           56676 kB
SwapTotal:             0 kB
SwapFree:              0 kB
Zswap:                 0 kB
Zswapped:              0 kB
Dirty:             14096 kB
Writeback:             0 kB
AnonPages:      26968856 kB
Mapped:          1896760 kB
Shmem:            133628 kB
KReclaimable:    1591168 kB
Slab:            2851484 kB
SReclaimable:    1591168 kB
SUnreclaim:      1260316 kB
KernelStack:      556464 kB
PageTables:       313344 kB
NFS_Unstable:          0 kB
Bounce:                0 kB
WritebackTmp:          0 kB
CommitLimit:    32919976 kB
Committed_AS:   106101944 kB
VmallocTotal:   34359738367 kB
VmallocUsed:      604028 kB
VmallocChunk:          0 kB
Percpu:            63296 kB
HardwareCorrupted:     0 kB
AnonHugePages:   5933056 kB
ShmemHugePages:        0 kB
ShmemPmdMapped:        0 kB
FileHugePages:         0 kB
FilePmdMapped:         0 kB
HugePages_Total:       0
HugePages_Free:        0
HugePages_Rsvd:        0
HugePages_Surp:        0
Hugepagesize:       2048 kB
Hugetlb:               0 kB
DirectMap4k:     3763000 kB
DirectMap2M:    60196864 kB
DirectMap1G:     5242880 kB

/sys/kernel/mm/transparent_hugepage/enabled: always [madvise] never
/sys/kernel/mm/transparent_hugepage/defrag (defrag/compaction efforts parameter): always defer defer+madvise [madvise] never

Process Memory:
Virtual Size: 5122136K (peak: 5162812K)
Resident Set Size: 762708K (peak: 806920K) (anon: 566596K, file: 196112K, shmem: 0K)
Swapped out: 0K
C-Heap outstanding allocations: 44717K, retained: 17362K
glibc malloc tunables: (default)

/proc/sys/kernel/threads-max (system-wide limit on the number of threads): 514310
/proc/sys/vm/max_map_count (maximum number of memory map areas a process may have): 65530
/proc/sys/kernel/pid_max (system-wide limit on number of process identifiers): 4194304

container (cgroup) information:
container_type: cgroupv1
cpu_cpuset_cpus: 2-7
cpu_memory_nodes: 0
active_processor_count: 1
cpu_quota: 50000
cpu_period: 100000
cpu_shares: 512
memory_limit_in_bytes: 1048576 k
memory_and_swap_limit_in_bytes: 1048576 k
memory_soft_limit_in_bytes: 524288 k
memory_usage_in_bytes: 625140 k
memory_max_usage_in_bytes: 708660 k
maximum number of tasks: 1000
current number of tasks: 49

KVM virtualization detected
Steal ticks since vm start: 0
Steal ticks percentage since vm start:  0.000

CPU: total 8 (initial active 1) (8 cores per cpu, 2 threads per core) family 23 model 49 stepping 0 microcode 0xffffffff, cx8, cmov, fxsr, ht, mmx, 3dnowpref, sse, sse2, sse3, ssse3, sse4a, sse4.1, sse4.2, popcnt, lzcnt, tsc, tscinvbit, avx, avx2, aes, clmul, bmi1, bmi2, adx, sha, fma, vzeroupper, clflush, clflushopt, hv
CPU Model and flags from /proc/cpuinfo:
model name	: AMD EPYC 7B12
flags		: fpu vme de pse tsc msr pae mce cx8 apic sep mtrr pge mca cmov pat pse36 clflush mmx fxsr sse sse2 ht syscall nx mmxext fxsr_opt pdpe1gb rdtscp lm constant_tsc rep_good nopl nonstop_tsc cpuid extd_apicid tsc_known_freq pni pclmulqdq ssse3 fma cx16 sse4_1 sse4_2 movbe popcnt aes xsave avx f16c rdrand hypervisor lahf_lm cmp_legacy cr8_legacy abm sse4a misalignsse 3dnowprefetch osvw topoext ssbd ibrs ibpb stibp vmmcall fsgsbase tsc_adjust bmi1 avx2 smep bmi2 rdseed adx smap clflushopt clwb sha_ni xsaveopt xsavec xgetbv1 clzero xsaveerptr arat npt nrip_save umip rdpid

Online cpus: 0-7
Offline cpus: 
BIOS frequency limitation: <Not Available>
Frequency switch latency (ns): <Not Available>
Available cpu frequencies: <Not Available>
Current governor: <Not Available>
Core performance/turbo boost: <Not Available>

Memory: 4k page, physical 1048576k(423428k free), swap 0k(0k free)
Page Sizes: 4k

vm_info: OpenJDK 64-Bit Server VM (17.0.5+8-jvmci-22.3-b08) for linux-amd64 JRE (17.0.5+8-jvmci-22.3-b08), built on Oct 19 2022 09:01:27 by "buildslave" with gcc 10.3.0

END.
